RUNNING THE L-BFGS-B CODE

           * * *

Machine precision = 2.220D-16
 N =           16     M =           10

At X0         0 variables are exactly at the bounds

At iterate    0    f=  4.42575D+04    |proj g|=  6.04473D+04

At iterate    1    f=  4.25770D+04    |proj g|=  1.01988D+04

At iterate    2    f=  4.24924D+04    |proj g|=  5.18378D+03

At iterate    3    f=  4.24145D+04    |proj g|=  3.13824D+03

At iterate    4    f=  4.23615D+04    |proj g|=  3.85589D+03

At iterate    5    f=  4.21831D+04    |proj g|=  9.59117D+03

At iterate    6    f=  4.18310D+04    |proj g|=  1.61667D+04

At iterate    7    f=  4.11593D+04    |proj g|=  2.14871D+04

At iterate    8    f=  4.03473D+04    |proj g|=  2.31661D+04

At iterate    9    f=  3.97117D+04    |proj g|=  1.56286D+04

At iterate   10    f=  3.92424D+04    |proj g|=  3.48586D+03

At iterate   11    f=  3.91843D+04    |proj g|=  2.73949D+03

At iterate   12    f=  3.91252D+04    |proj g|=  4.44240D+03

At iterate   13    f=  3.89208D+04    |proj g|=  7.65961D+03

At iterate   14    f=  3.86449D+04    |proj g|=  5.86243D+03

At iterate   15    f=  3.84170D+04    |proj g|=  4.09440D+03

At iterate   16    f=  3.82884D+04    |proj g|=  1.50506D+03

At iterate   17    f=  3.82593D+04    |proj g|=  5.16944D+03

At iterate   18    f=  3.82370D+04    |proj g|=  1.73309D+03

At iterate   19    f=  3.82217D+04    |proj g|=  1.20141D+03

At iterate   20    f=  3.82037D+04    |proj g|=  1.21498D+03

At iterate   21    f=  3.81935D+04    |proj g|=  1.39448D+03

At iterate   22    f=  3.81680D+04    |proj g|=  2.95050D+03

At iterate   23    f=  3.80648D+04    |proj g|=  6.46451D+03

At iterate   24    f=  3.79982D+04    |proj g|=  4.98332D+03

At iterate   25    f=  3.79664D+04    |proj g|=  2.19932D+03

At iterate   26    f=  3.79551D+04    |proj g|=  1.15410D+03

At iterate   27    f=  3.79410D+04    |proj g|=  1.67111D+03

At iterate   28    f=  3.79248D+04    |proj g|=  1.59835D+03

At iterate   29    f=  3.78830D+04    |proj g|=  1.68228D+03

At iterate   30    f=  3.78682D+04    |proj g|=  3.07350D+03

At iterate   31    f=  3.78130D+04    |proj g|=  2.35082D+03

At iterate   32    f=  3.77551D+04    |proj g|=  1.17092D+03

At iterate   33    f=  3.77269D+04    |proj g|=  4.03958D+03

At iterate   34    f=  3.76900D+04    |proj g|=  1.61347D+03

At iterate   35    f=  3.76737D+04    |proj g|=  5.76474D+02

At iterate   36    f=  3.76713D+04    |proj g|=  2.81655D+02

At iterate   37    f=  3.76676D+04    |proj g|=  7.95138D+02

At iterate   38    f=  3.76641D+04    |proj g|=  1.06804D+03

At iterate   39    f=  3.76602D+04    |proj g|=  1.34867D+03

At iterate   40    f=  3.76378D+04    |proj g|=  1.55251D+03

At iterate   41    f=  3.76355D+04    |proj g|=  8.70984D+02

At iterate   42    f=  3.76297D+04    |proj g|=  3.62696D+02

At iterate   43    f=  3.76273D+04    |proj g|=  1.33164D+02

At iterate   44    f=  3.76271D+04    |proj g|=  1.62526D+03

At iterate   45    f=  3.76258D+04    |proj g|=  7.63693D+02

At iterate   46    f=  3.76247D+04    |proj g|=  3.64926D+02

At iterate   47    f=  3.76225D+04    |proj g|=  7.04901D+02

At iterate   48    f=  3.76201D+04    |proj g|=  1.00755D+03

At iterate   49    f=  3.76171D+04    |proj g|=  8.34418D+02

At iterate   50    f=  3.76162D+04    |proj g|=  4.75348D+02

At iterate   51    f=  3.76148D+04    |proj g|=  3.00577D+02

At iterate   52    f=  3.76125D+04    |proj g|=  3.71155D+02

At iterate   53    f=  3.76099D+04    |proj g|=  8.05740D+02

At iterate   54    f=  3.76071D+04    |proj g|=  8.54730D+02

At iterate   55    f=  3.76059D+04    |proj g|=  2.90286D+02

At iterate   56    f=  3.76041D+04    |proj g|=  3.83271D+02

At iterate   57    f=  3.76038D+04    |proj g|=  3.32114D+02

At iterate   58    f=  3.76029D+04    |proj g|=  4.84852D+02

At iterate   59    f=  3.76021D+04    |proj g|=  2.59811D+02

At iterate   60    f=  3.76015D+04    |proj g|=  1.36349D+02

At iterate   61    f=  3.76006D+04    |proj g|=  2.06781D+02

At iterate   62    f=  3.75994D+04    |proj g|=  3.06399D+02

At iterate   63    f=  3.75984D+04    |proj g|=  2.08746D+02
* descriptive statistics:                      count       mean  ...        75%        max
claim_1            3047.0  65.179193  ...  67.000000  70.000000
claim_2            3047.0  64.335740  ...  66.000000  70.000000
claim_3            3047.0  65.146373  ...  67.000000  70.000000
claim_4            3047.0  65.624877  ...  68.000000  70.000000
claim_5            3047.0  65.916968  ...  68.000000  70.000000
claim_6            3047.0  66.168034  ...  68.000000  70.000000
miss_retage        3047.0   0.444700  ...   1.000000   1.000000
retage             3047.0  61.192320  ...  65.000000  99.000000
female             3047.0   0.452904  ...   1.000000   1.000000
dbage              3047.0  77.180505  ...  85.000000  85.000000
college            3047.0   0.676731  ...   1.000000   1.000000
pref_bequest       3047.0   0.275353  ...   1.000000   1.000000
pref_raversion     3047.0   0.238595  ...   0.000000   1.000000
pref_livewell      3047.0   0.531342  ...   1.000000   1.000000
pref_spendquickly  3047.0   0.226780  ...   0.000000   1.000000
pref_patient       3047.0   0.831638  ...   1.000000   1.000000
log_wealth         3047.0   9.323858  ...  12.676079  15.430931
log_earn           3047.0  10.790405  ...  11.289782  14.845130
treat              3047.0   0.997374  ...   2.000000   2.000000
gaindelay_60_1     3047.0   4.745678  ...   6.203784   7.778640
gaindelay_61_1     3047.0   3.533431  ...   5.005051   6.635396
gaindelay_62_1     3047.0   2.510070  ...   3.997227   5.693448
gaindelay_63_1     3047.0   1.624530  ...   3.132222   4.901460
gaindelay_64_1     3047.0   0.841152  ...   2.366814   4.223988
gaindelay_65_1     3047.0   1.254970  ...   2.808146   4.795849
gaindelay_66_1     3047.0   0.446491  ...   2.015823   4.116042
gaindelay_67_1     3047.0  -0.289346  ...   1.369568   3.524784
gaindelay_68_1     3047.0  -0.972382  ...   0.758259   3.003606
gaindelay_69_1     3047.0  -1.618294  ...   0.242756   2.538628
gaindelay_70_1     3047.0   0.000000  ...   0.000000   0.000000
gaindelay_60_2     3047.0  -3.519193  ...  -2.176137  -0.725544
gaindelay_61_2     3047.0  -3.706588  ...  -2.337877  -0.821541
gaindelay_62_2     3047.0  -3.900783  ...  -2.506631  -0.916490
gaindelay_63_2     3047.0  -4.102938  ...  -2.680218  -1.010692
gaindelay_64_2     3047.0  -4.314326  ...  -2.866663  -1.104437
gaindelay_65_2     3047.0  -3.415462  ...  -1.933927  -0.037908
gaindelay_66_2     3047.0  -3.712053  ...  -2.207693  -0.194424
gaindelay_67_2     3047.0  -4.017861  ...  -2.420980  -0.346355
gaindelay_68_2     3047.0  -4.335470  ...  -2.663603  -0.494511
gaindelay_69_2     3047.0  -4.667717  ...  -2.864352  -0.639642
gaindelay_70_2     3047.0   0.000000  ...   0.000000   0.000000
gaindelay_60_3     3047.0   0.769606  ...   2.172363   3.687438
gaindelay_61_3     3047.0   0.198635  ...   1.622855   3.200686
gaindelay_62_3     3047.0  -0.327720  ...   1.118269   2.767532
gaindelay_63_3     3047.0  -0.819871  ...   0.651556   2.378238
gaindelay_64_3     3047.0  -1.286298  ...   0.207177   2.025170
gaindelay_65_3     3047.0  -0.613202  ...   0.911317   2.862346
gaindelay_66_3     3047.0  -1.170025  ...   0.374050   2.440470
gaindelay_67_3     3047.0  -1.701421  ...  -0.066001   2.058693
gaindelay_68_3     3047.0  -2.216047  ...  -0.507141   1.710008
gaindelay_69_3     3047.0  -2.721524  ...  -0.881344   1.388782
gaindelay_70_3     3047.0   0.000000  ...   0.000000   0.000000
gaindelay_60_4     3047.0   7.239150  ...   8.731966  10.344311
gaindelay_61_4     3047.0   5.498580  ...   6.998133   8.659423
gaindelay_62_4     3047.0   4.098330  ...   5.608529   7.331030
gaindelay_63_4     3047.0   2.934449  ...   4.461575   6.253619
gaindelay_64_4     3047.0   1.939640  ...   3.481921   5.359326
gaindelay_65_4     3047.0   2.189057  ...   3.756561   5.762600
gaindelay_66_4     3047.0   1.232585  ...   2.814198   4.930854
gaindelay_67_4     3047.0   0.381034  ...   2.051100   4.220807
gaindelay_68_4     3047.0  -0.394204  ...   1.346542   3.604999
gaindelay_69_4     3047.0  -1.114785  ...   0.755790   3.063412
gaindelay_70_4     3047.0   0.000000  ...   0.000000   0.000000
gaindelay_60_5     3047.0  18.119746  ...  19.764025  21.539960
gaindelay_61_5     3047.0  13.102849  ...  14.710489  16.491524
gaindelay_62_5     3047.0   9.724213  ...  11.316029  13.131621
gaindelay_63_5     3047.0   7.269335  ...   8.860772  10.728284
gaindelay_64_5     3047.0   5.383547  ...   6.977932   8.918763
gaindelay_65_5     3047.0   4.991316  ...   6.601805   8.662854
gaindelay_66_5     3047.0   3.506944  ...   5.124090   7.288300
gaindelay_67_5     3047.0   2.263254  ...   3.964635   6.175025
gaindelay_68_5     3047.0   1.188623  ...   2.957031   5.251376
gaindelay_69_5     3047.0   0.234190  ...   2.130283   4.469384
gaindelay_70_5     3047.0   0.000000  ...   0.000000   0.000000
gaindelay_60_6     3047.0  40.256134  ...  42.208561  44.317317
gaindelay_61_6     3047.0  24.931713  ...  26.707487  28.674792
gaindelay_62_6     3047.0  17.114311  ...  18.813338  20.751212
gaindelay_63_6     3047.0  12.330737  ...  13.997265  15.952894
gaindelay_64_6     3047.0   9.068287  ...  10.718420  12.727111
gaindelay_65_6     3047.0   7.793575  ...   9.447049  11.563108
gaindelay_66_6     3047.0   5.663051  ...   7.313883   9.523175
gaindelay_67_6     3047.0   3.972793  ...   5.702616   7.949958
gaindelay_68_6     3047.0   2.576574  ...   4.369238   6.695053
gaindelay_69_6     3047.0   1.382822  ...   3.300643   5.666549
gaindelay_70_6     3047.0   0.000000  ...   0.000000   0.000000
nra_1              3047.0  65.000000  ...  65.000000  65.000000
nra_2              3047.0  65.000000  ...  65.000000  65.000000
nra_3              3047.0  65.000000  ...  65.000000  65.000000
nra_4              3047.0  65.000000  ...  65.000000  65.000000
nra_5              3047.0  65.000000  ...  65.000000  65.000000
nra_6              3047.0  65.000000  ...  65.000000  65.000000
age                3047.0  57.078110  ...  58.000000  59.000000
married            3047.0   0.682967  ...   1.000000   1.000000
healthproblems     3047.0   0.598950  ...   1.000000   7.000000
finlit             3047.0   2.402691  ...   3.000000   3.000000
retlit             3047.0   3.656055  ...   5.000000   6.000000

[96 rows x 8 columns]
- sample size and number of scenarios:  3047 6
* estimation completed...
* computed standard errors ...
loglike =  -37597.192599523965
aic =  75226.38519904793
K =  2
                   point        se   free
female         -0.106777  0.017422   True
college        -0.160553  0.016753   True
married         0.041934  0.012749   True
healthproblems -0.008871  0.009259   True
finlit         -0.065997  0.009150   True
retlit          0.067669  0.012995   True
pref_bequest   -0.083829  0.019744   True
pref_patient    0.060716  0.017104   True
log_earn       -0.177111  0.008876   True
log_wealth      0.001828  0.001649   True
lambda_G       -0.064012  0.018565   True
lambda_R        2.819512  0.022385   True
lambda_D        0.544450  0.086160   True
lambda_Fm       0.000000       NaN  False
lambda_Fp       0.000000       NaN  False
alpha_0        -2.820655  0.017155   True
alpha_1        -0.341295  0.100778   True
log_odd_pi_0    0.000000       NaN  False
log_odd_pi_1   -0.899296  0.041907   True
* descriptive statistics:  
At iterate   64    f=  3.75982D+04    |proj g|=  1.73576D+02

At iterate   65    f=  3.75980D+04    |proj g|=  6.09674D+01

At iterate   66    f=  3.75978D+04    |proj g|=  1.23070D+02

At iterate   67    f=  3.75977D+04    |proj g|=  1.16376D+02

At iterate   68    f=  3.75976D+04    |proj g|=  3.54395D+02

At iterate   69    f=  3.75974D+04    |proj g|=  2.32878D+02

At iterate   70    f=  3.75973D+04    |proj g|=  4.09273D+01

At iterate   71    f=  3.75972D+04    |proj g|=  4.17116D+01

At iterate   72    f=  3.75972D+04    |proj g|=  1.66220D+02

           * * *

Tit   = total number of iterations
Tnf   = total number of function evaluations
Tnint = total number of segments explored during Cauchy searches
Skip  = number of BFGS updates skipped
Nact  = number of active bounds at final generalized Cauchy point
Projg = norm of the final projected gradient
F     = final function value

           * * *

   N    Tit     Tnf  Tnint  Skip  Nact     Projg        F
   16     72     85      1     0     0   1.662D+02   3.760D+04
  F =   37597.192599523965     

CONVERGENCE: REL_REDUCTION_OF_F_<=_FACTR*EPSMCH             
RUNNING THE L-BFGS-B CODE

           * * *

Machine precision = 2.220D-16
 N =           18     M =           10

At X0         0 variables are exactly at the bounds

At iterate    0    f=  4.44926D+04    |proj g|=  6.98094D+04

At iterate    1    f=  4.17722D+04    |proj g|=  5.98129D+03

At iterate    2    f=  4.17238D+04    |proj g|=  3.10366D+03

At iterate    3    f=  4.16875D+04    |proj g|=  3.81141D+03

At iterate    4    f=  4.15528D+04    |proj g|=  6.86563D+03

At iterate    5    f=  4.11314D+04    |proj g|=  1.01344D+04

At iterate    6    f=  4.03160D+04    |proj g|=  1.36699D+04

At iterate    7    f=  3.91145D+04    |proj g|=  2.10411D+04

At iterate    8    f=  3.80712D+04    |proj g|=  1.25474D+04

At iterate    9    f=  3.75851D+04    |proj g|=  2.42574D+03

At iterate   10    f=  3.75430D+04    |proj g|=  1.85681D+03

At iterate   11    f=  3.75035D+04    |proj g|=  2.46060D+03

At iterate   12    f=  3.74046D+04    |proj g|=  4.75923D+03

At iterate   13    f=  3.72494D+04    |proj g|=  7.28794D+03

At iterate   14    f=  3.70632D+04    |proj g|=  4.83327D+03

At iterate   15    f=  3.68363D+04    |proj g|=  3.88173D+03

At iterate   16    f=  3.67595D+04    |proj g|=  7.98880D+02

At iterate   17    f=  3.67458D+04    |proj g|=  6.69479D+02

At iterate   18    f=  3.67231D+04    |proj g|=  2.52573D+03

At iterate   19    f=  3.66967D+04    |proj g|=  3.02398D+03

At iterate   20    f=  3.66272D+04    |proj g|=  2.23066D+03

At iterate   21    f=  3.66114D+04    |proj g|=  4.09860D+02

At iterate   22    f=  3.66103D+04    |proj g|=  4.44081D+02

At iterate   23    f=  3.66050D+04    |proj g|=  5.83797D+02

At iterate   24    f=  3.65943D+04    |proj g|=  1.05586D+03

At iterate   25    f=  3.65867D+04    |proj g|=  1.16814D+03

At iterate   26    f=  3.65835D+04    |proj g|=  3.30546D+02

At iterate   27    f=  3.65827D+04    |proj g|=  1.56552D+02

At iterate   28    f=  3.65822D+04    |proj g|=  8.97526D+01

At iterate   29    f=  3.65818D+04    |proj g|=  1.01434D+02

At iterate   30    f=  3.65810D+04    |proj g|=  2.87980D+02

At iterate   31    f=  3.65804D+04    |proj g|=  3.62940D+02

At iterate   32    f=  3.65803D+04    |proj g|=  2.00593D+02

At iterate   33    f=  3.65797D+04    |proj g|=  1.01753D+02

At iterate   34    f=  3.65777D+04    |proj g|=  2.20993D+02

At iterate   35    f=  3.65766D+04    |proj g|=  1.39241D+02

At iterate   36    f=  3.65752D+04    |proj g|=  2.36298D+02

At iterate   37    f=  3.65751D+04    |proj g|=  9.54504D+01

At iterate   38    f=  3.65749D+04    |proj g|=  1.69329D+02

At iterate   39    f=  3.65744D+04    |proj g|=  1.26790D+02

At iterate   40    f=  3.65737D+04    |proj g|=  1.50878D+02

At iterate   41    f=  3.65735D+04    |proj g|=  3.68355D+02

At iterate   42    f=  3.65729D+04    |proj g|=  2.36138D+02

At iterate   43    f=  3.65721D+04    |proj g|=  9.42746D+01

At iterate   44    f=  3.65718D+04    |proj g|=  6.24073D+01

At iterate   45    f=  3.65716D+04    |proj g|=  1.75619D+02
                    count       mean  ...        75%        max
claim_1            3047.0  65.179193  ...  67.000000  70.000000
claim_2            3047.0  64.335740  ...  66.000000  70.000000
claim_3            3047.0  65.146373  ...  67.000000  70.000000
claim_4            3047.0  65.624877  ...  68.000000  70.000000
claim_5            3047.0  65.916968  ...  68.000000  70.000000
claim_6            3047.0  66.168034  ...  68.000000  70.000000
miss_retage        3047.0   0.444700  ...   1.000000   1.000000
retage             3047.0  61.192320  ...  65.000000  99.000000
female             3047.0   0.452904  ...   1.000000   1.000000
dbage              3047.0  77.180505  ...  85.000000  85.000000
college            3047.0   0.676731  ...   1.000000   1.000000
pref_bequest       3047.0   0.275353  ...   1.000000   1.000000
pref_raversion     3047.0   0.238595  ...   0.000000   1.000000
pref_livewell      3047.0   0.531342  ...   1.000000   1.000000
pref_spendquickly  3047.0   0.226780  ...   0.000000   1.000000
pref_patient       3047.0   0.831638  ...   1.000000   1.000000
log_wealth         3047.0   9.323858  ...  12.676079  15.430931
log_earn           3047.0  10.790405  ...  11.289782  14.845130
treat              3047.0   0.997374  ...   2.000000   2.000000
gaindelay_60_1     3047.0   4.745678  ...   6.203784   7.778640
gaindelay_61_1     3047.0   3.533431  ...   5.005051   6.635396
gaindelay_62_1     3047.0   2.510070  ...   3.997227   5.693448
gaindelay_63_1     3047.0   1.624530  ...   3.132222   4.901460
gaindelay_64_1     3047.0   0.841152  ...   2.366814   4.223988
gaindelay_65_1     3047.0   1.254970  ...   2.808146   4.795849
gaindelay_66_1     3047.0   0.446491  ...   2.015823   4.116042
gaindelay_67_1     3047.0  -0.289346  ...   1.369568   3.524784
gaindelay_68_1     3047.0  -0.972382  ...   0.758259   3.003606
gaindelay_69_1     3047.0  -1.618294  ...   0.242756   2.538628
gaindelay_70_1     3047.0   0.000000  ...   0.000000   0.000000
gaindelay_60_2     3047.0  -3.519193  ...  -2.176137  -0.725544
gaindelay_61_2     3047.0  -3.706588  ...  -2.337877  -0.821541
gaindelay_62_2     3047.0  -3.900783  ...  -2.506631  -0.916490
gaindelay_63_2     3047.0  -4.102938  ...  -2.680218  -1.010692
gaindelay_64_2     3047.0  -4.314326  ...  -2.866663  -1.104437
gaindelay_65_2     3047.0  -3.415462  ...  -1.933927  -0.037908
gaindelay_66_2     3047.0  -3.712053  ...  -2.207693  -0.194424
gaindelay_67_2     3047.0  -4.017861  ...  -2.420980  -0.346355
gaindelay_68_2     3047.0  -4.335470  ...  -2.663603  -0.494511
gaindelay_69_2     3047.0  -4.667717  ...  -2.864352  -0.639642
gaindelay_70_2     3047.0   0.000000  ...   0.000000   0.000000
gaindelay_60_3     3047.0   0.769606  ...   2.172363   3.687438
gaindelay_61_3     3047.0   0.198635  ...   1.622855   3.200686
gaindelay_62_3     3047.0  -0.327720  ...   1.118269   2.767532
gaindelay_63_3     3047.0  -0.819871  ...   0.651556   2.378238
gaindelay_64_3     3047.0  -1.286298  ...   0.207177   2.025170
gaindelay_65_3     3047.0  -0.613202  ...   0.911317   2.862346
gaindelay_66_3     3047.0  -1.170025  ...   0.374050   2.440470
gaindelay_67_3     3047.0  -1.701421  ...  -0.066001   2.058693
gaindelay_68_3     3047.0  -2.216047  ...  -0.507141   1.710008
gaindelay_69_3     3047.0  -2.721524  ...  -0.881344   1.388782
gaindelay_70_3     3047.0   0.000000  ...   0.000000   0.000000
gaindelay_60_4     3047.0   7.239150  ...   8.731966  10.344311
gaindelay_61_4     3047.0   5.498580  ...   6.998133   8.659423
gaindelay_62_4     3047.0   4.098330  ...   5.608529   7.331030
gaindelay_63_4     3047.0   2.934449  ...   4.461575   6.253619
gaindelay_64_4     3047.0   1.939640  ...   3.481921   5.359326
gaindelay_65_4     3047.0   2.189057  ...   3.756561   5.762600
gaindelay_66_4     3047.0   1.232585  ...   2.814198   4.930854
gaindelay_67_4     3047.0   0.381034  ...   2.051100   4.220807
gaindelay_68_4     3047.0  -0.394204  ...   1.346542   3.604999
gaindelay_69_4     3047.0  -1.114785  ...   0.755790   3.063412
gaindelay_70_4     3047.0   0.000000  ...   0.000000   0.000000
gaindelay_60_5     3047.0  18.119746  ...  19.764025  21.539960
gaindelay_61_5     3047.0  13.102849  ...  14.710489  16.491524
gaindelay_62_5     3047.0   9.724213  ...  11.316029  13.131621
gaindelay_63_5     3047.0   7.269335  ...   8.860772  10.728284
gaindelay_64_5     3047.0   5.383547  ...   6.977932   8.918763
gaindelay_65_5     3047.0   4.991316  ...   6.601805   8.662854
gaindelay_66_5     3047.0   3.506944  ...   5.124090   7.288300
gaindelay_67_5     3047.0   2.263254  ...   3.964635   6.175025
gaindelay_68_5     3047.0   1.188623  ...   2.957031   5.251376
gaindelay_69_5     3047.0   0.234190  ...   2.130283   4.469384
gaindelay_70_5     3047.0   0.000000  ...   0.000000   0.000000
gaindelay_60_6     3047.0  40.256134  ...  42.208561  44.317317
gaindelay_61_6     3047.0  24.931713  ...  26.707487  28.674792
gaindelay_62_6     3047.0  17.114311  ...  18.813338  20.751212
gaindelay_63_6     3047.0  12.330737  ...  13.997265  15.952894
gaindelay_64_6     3047.0   9.068287  ...  10.718420  12.727111
gaindelay_65_6     3047.0   7.793575  ...   9.447049  11.563108
gaindelay_66_6     3047.0   5.663051  ...   7.313883   9.523175
gaindelay_67_6     3047.0   3.972793  ...   5.702616   7.949958
gaindelay_68_6     3047.0   2.576574  ...   4.369238   6.695053
gaindelay_69_6     3047.0   1.382822  ...   3.300643   5.666549
gaindelay_70_6     3047.0   0.000000  ...   0.000000   0.000000
nra_1              3047.0  65.000000  ...  65.000000  65.000000
nra_2              3047.0  65.000000  ...  65.000000  65.000000
nra_3              3047.0  65.000000  ...  65.000000  65.000000
nra_4              3047.0  65.000000  ...  65.000000  65.000000
nra_5              3047.0  65.000000  ...  65.000000  65.000000
nra_6              3047.0  65.000000  ...  65.000000  65.000000
age                3047.0  57.078110  ...  58.000000  59.000000
married            3047.0   0.682967  ...   1.000000   1.000000
healthproblems     3047.0   0.598950  ...   1.000000   7.000000
finlit             3047.0   2.402691  ...   3.000000   3.000000
retlit             3047.0   3.656055  ...   5.000000   6.000000

[96 rows x 8 columns]
- sample size and number of scenarios:  3047 6
* estimation completed...
* computed standard errors ...
loglike =  -36571.12748121294
aic =  73178.25496242588
K =  3
                   point        se   free
female         -0.204096  0.026090   True
college        -0.170724  0.023901   True
married         0.010765  0.018689   True
healthproblems  0.014976  0.013834   True
finlit         -0.080778  0.013523   True
retlit          0.117078  0.019017   True
pref_bequest   -0.123644  0.027646   True
pref_patient   -0.041044  0.024722   True
log_earn       -0.297014  0.013021   True
log_wealth      0.014898  0.002258   True
lambda_G       -0.071891  0.022672   True
lambda_R        2.952880  0.029025   True
lambda_D        1.560023  0.128124   True
lambda_Fm       0.000000       NaN  False
lambda_Fp       0.000000       NaN  False
alpha_0        -3.031333  0.018753   True
alpha_1        -1.298357  0.023464   True
alpha_2         1.079575  0.136939   True
log_odd_pi_0    0.000000       NaN  False
log_odd_pi_1    0.477940  0.052333   True
log_odd_pi_2   -0.365717  0.055876   True
* descriptive statistics:  
At iterate   46    f=  3.65715D+04    |proj g|=  6.01387D+01

At iterate   47    f=  3.65713D+04    |proj g|=  8.06627D+01

At iterate   48    f=  3.65712D+04    |proj g|=  1.51127D+02

At iterate   49    f=  3.65711D+04    |proj g|=  3.85524D+02

           * * *

Tit   = total number of iterations
Tnf   = total number of function evaluations
Tnint = total number of segments explored during Cauchy searches
Skip  = number of BFGS updates skipped
Nact  = number of active bounds at final generalized Cauchy point
Projg = norm of the final projected gradient
F     = final function value

           * * *

   N    Tit     Tnf  Tnint  Skip  Nact     Projg        F
   18     49     58      1     0     0   3.855D+02   3.657D+04
  F =   36571.127481212941     

CONVERGENCE: REL_REDUCTION_OF_F_<=_FACTR*EPSMCH             
RUNNING THE L-BFGS-B CODE

           * * *

Machine precision = 2.220D-16
 N =           20     M =           10

At X0         0 variables are exactly at the bounds

At iterate    0    f=  4.49140D+04    |proj g|=  7.48725D+04

At iterate    1    f=  4.14006D+04    |proj g|=  2.77624D+03

At iterate    2    f=  4.13780D+04    |proj g|=  2.78533D+03

At iterate    3    f=  4.12218D+04    |proj g|=  6.16096D+03

At iterate    4    f=  4.06556D+04    |proj g|=  1.66337D+04

At iterate    5    f=  3.95917D+04    |proj g|=  3.39774D+04

At iterate    6    f=  3.88271D+04    |proj g|=  1.39436D+04

At iterate    7    f=  3.84356D+04    |proj g|=  3.67058D+03

At iterate    8    f=  3.81538D+04    |proj g|=  4.51802D+03

At iterate    9    f=  3.77626D+04    |proj g|=  1.10762D+04

At iterate   10    f=  3.74134D+04    |proj g|=  1.16919D+04

At iterate   11    f=  3.68512D+04    |proj g|=  8.61927D+03

At iterate   12    f=  3.66936D+04    |proj g|=  7.50378D+03

At iterate   13    f=  3.65922D+04    |proj g|=  3.47411D+03

At iterate   14    f=  3.65599D+04    |proj g|=  9.70426D+02

At iterate   15    f=  3.65421D+04    |proj g|=  1.67207D+03

At iterate   16    f=  3.65277D+04    |proj g|=  3.01057D+03

At iterate   17    f=  3.64970D+04    |proj g|=  3.33393D+03

At iterate   18    f=  3.64510D+04    |proj g|=  2.04866D+03

At iterate   19    f=  3.64346D+04    |proj g|=  3.64881D+02

At iterate   20    f=  3.64317D+04    |proj g|=  1.95261D+02

At iterate   21    f=  3.64284D+04    |proj g|=  3.97478D+02

At iterate   22    f=  3.64144D+04    |proj g|=  1.15861D+03

At iterate   23    f=  3.63948D+04    |proj g|=  1.89946D+03

At iterate   24    f=  3.63625D+04    |proj g|=  2.44240D+03

At iterate   25    f=  3.63391D+04    |proj g|=  1.80199D+03

At iterate   26    f=  3.63154D+04    |proj g|=  1.61011D+03

At iterate   27    f=  3.63055D+04    |proj g|=  9.76092D+02

At iterate   28    f=  3.62992D+04    |proj g|=  7.94815D+02

At iterate   29    f=  3.62974D+04    |proj g|=  2.29837D+02

At iterate   30    f=  3.62961D+04    |proj g|=  2.50358D+02

At iterate   31    f=  3.62926D+04    |proj g|=  4.95928D+02

At iterate   32    f=  3.62874D+04    |proj g|=  1.92325D+03

At iterate   33    f=  3.62764D+04    |proj g|=  1.26748D+03

At iterate   34    f=  3.62510D+04    |proj g|=  4.57711D+02

At iterate   35    f=  3.62400D+04    |proj g|=  7.71388D+02

At iterate   36    f=  3.62360D+04    |proj g|=  7.29813D+02

At iterate   37    f=  3.62281D+04    |proj g|=  3.87671D+02

At iterate   38    f=  3.62195D+04    |proj g|=  6.74260D+02

At iterate   39    f=  3.61843D+04    |proj g|=  1.64636D+03

At iterate   40    f=  3.61747D+04    |proj g|=  1.69692D+03

At iterate   41    f=  3.61526D+04    |proj g|=  1.24466D+03

At iterate   42    f=  3.61378D+04    |proj g|=  2.82837D+02

At iterate   43    f=  3.61345D+04    |proj g|=  2.08128D+02

At iterate   44    f=  3.61285D+04    |proj g|=  6.20952D+02

At iterate   45    f=  3.61145D+04    |proj g|=  9.32674D+02

At iterate   46    f=  3.60929D+04    |proj g|=  1.50117D+03

At iterate   47    f=  3.60677D+04    |proj g|=  1.62430D+03

At iterate   48    f=  3.60554D+04    |proj g|=  1.77500D+03

At iterate   49    f=  3.60508D+04    |proj g|=  1.36105D+03

At iterate   50    f=  3.60482D+04    |proj g|=  2.56243D+02

At iterate   51    f=  3.60477D+04    |proj g|=  1.00565D+02

At iterate   52    f=  3.60461D+04    |proj g|=  2.22612D+02

At iterate   53    f=  3.60452D+04    |proj g|=  2.67368D+02

At iterate   54    f=  3.60444D+04    |proj g|=  1.46153D+02

At iterate   55    f=  3.60433D+04    |proj g|=  2.08795D+02

At iterate   56    f=  3.60372D+04    |proj g|=  1.28503D+03

At iterate   57    f=  3.60330D+04    |proj g|=  1.35657D+03

At iterate   58    f=  3.60308D+04    |proj g|=  1.28272D+03

At iterate   59    f=  3.60259D+04    |proj g|=  4.76702D+02

At iterate   60    f=  3.60237D+04    |proj g|=  1.34865D+02

At iterate   61    f=  3.60215D+04    |proj g|=  5.39288D+02

At iterate   62    f=  3.60198D+04    |proj g|=  7.66072D+02

At iterate   63    f=  3.60147D+04    |proj g|=  8.77074D+02

At iterate   64    f=  3.60017D+04    |proj g|=  6.86619D+02

At iterate   65    f=  3.59947D+04    |proj g|=  1.02544D+03

At iterate   66    f=  3.59764D+04    |proj g|=  7.94855D+02

At iterate   67    f=  3.59534D+04    |proj g|=  3.17417D+03

At iterate   68    f=  3.59226D+04    |proj g|=  1.16188D+03

At iterate   69    f=  3.58874D+04    |proj g|=  2.15160D+03

At iterate   70    f=  3.58704D+04    |proj g|=  5.37830D+02

At iterate   71    f=  3.58644D+04    |proj g|=  9.02911D+02

At iterate   72    f=  3.58602D+04    |proj g|=  1.52743D+03

At iterate   73    f=  3.58563D+04    |proj g|=  5.42122D+02

At iterate   74    f=  3.58528D+04    |proj g|=  3.54389D+02

At iterate   75    f=  3.58498D+04    |proj g|=  7.09548D+02

At iterate   76    f=  3.58434D+04    |proj g|=  1.04233D+03

At iterate   77    f=  3.58354D+04    |proj g|=  8.58307D+02

At iterate   78    f=  3.58190D+04    |proj g|=  1.55514D+03

At iterate   79    f=  3.58124D+04    |proj g|=  1.09480D+03

At iterate   80    f=  3.58003D+04    |proj g|=  8.79442D+02

At iterate   81    f=  3.57840D+04    |proj g|=  7.75416D+02

At iterate   82    f=  3.57800D+04    |proj g|=  2.73334D+03

At iterate   83    f=  3.57734D+04    |proj g|=  5.47431D+02

At iterate   84    f=  3.57716D+04    |proj g|=  6.37802D+02

At iterate   85    f=  3.57692D+04    |proj g|=  9.28624D+02

At iterate   86    f=  3.57650D+04    |proj g|=  9.43328D+02

At iterate   87    f=  3.57641D+04    |proj g|=  3.60058D+02

At iterate   88    f=  3.57577D+04    |proj g|=  4.75500D+02

At iterate   89    f=  3.57516D+04    |proj g|=  1.02219D+03

At iterate   90    f=  3.57434D+04    |proj g|=  1.13001D+03

At iterate   91    f=  3.57422D+04    |proj g|=  1.22220D+03

At iterate   92    f=  3.57365D+04    |proj g|=  6.85791D+02

At iterate   93    f=  3.57303D+04    |proj g|=  4.47109D+02

At iterate   94    f=  3.57268D+04    |proj g|=  4.55913D+02

At iterate   95    f=  3.57256D+04    |proj g|=  1.48354D+03

At iterate   96    f=  3.57223D+04    |proj g|=  1.15526D+03

At iterate   97    f=  3.57158D+04    |proj g|=  5.62140D+02

At iterate   98    f=  3.57115D+04    |proj g|=  6.11840D+02

At iterate   99    f=  3.57099D+04    |proj g|=  4.38644D+02

At iterate  100    f=  3.57089D+04    |proj g|=  3.87653D+02

At iterate  101    f=  3.57058D+04    |proj g|=  9.61369D+02

At iterate  102    f=  3.57028D+04    |proj g|=  8.12349D+02

At iterate  103    f=  3.56945D+04    |proj g|=  5.27561D+02

At iterate  104    f=  3.56913D+04    |proj g|=  5.90289D+02

At iterate  105    f=  3.56882D+04    |proj g|=  5.76318D+02

At iterate  106    f=  3.56861D+04    |proj g|=  7.85950D+02

At iterate  107    f=  3.56843D+04    |proj g|=  2.98941D+02

At iterate  108    f=  3.56837D+04    |proj g|=  1.47180D+02

At iterate  109    f=  3.56833D+04    |proj g|=  2.65563D+02

At iterate  110    f=  3.56827D+04    |proj g|=  9.03739D+01

At iterate  111    f=  3.56820D+04    |proj g|=  9.57654D+01

At iterate  112    f=  3.56818D+04    |proj g|=  2.89968D+02

At iterate  113    f=  3.56809D+04    |proj g|=  3.65782D+02

At iterate  114    f=  3.56776D+04    |proj g|=  3.67638D+02

At iterate  115    f=  3.56771D+04    |proj g|=  2.65247D+02

At iterate  116    f=  3.56754D+04    |proj g|=  1.78608D+02

At iterate  117    f=  3.56752D+04    |proj g|=  4.46442D+02
                    count       mean  ...        75%        max
claim_1            3047.0  65.179193  ...  67.000000  70.000000
claim_2            3047.0  64.335740  ...  66.000000  70.000000
claim_3            3047.0  65.146373  ...  67.000000  70.000000
claim_4            3047.0  65.624877  ...  68.000000  70.000000
claim_5            3047.0  65.916968  ...  68.000000  70.000000
claim_6            3047.0  66.168034  ...  68.000000  70.000000
miss_retage        3047.0   0.444700  ...   1.000000   1.000000
retage             3047.0  61.192320  ...  65.000000  99.000000
female             3047.0   0.452904  ...   1.000000   1.000000
dbage              3047.0  77.180505  ...  85.000000  85.000000
college            3047.0   0.676731  ...   1.000000   1.000000
pref_bequest       3047.0   0.275353  ...   1.000000   1.000000
pref_raversion     3047.0   0.238595  ...   0.000000   1.000000
pref_livewell      3047.0   0.531342  ...   1.000000   1.000000
pref_spendquickly  3047.0   0.226780  ...   0.000000   1.000000
pref_patient       3047.0   0.831638  ...   1.000000   1.000000
log_wealth         3047.0   9.323858  ...  12.676079  15.430931
log_earn           3047.0  10.790405  ...  11.289782  14.845130
treat              3047.0   0.997374  ...   2.000000   2.000000
gaindelay_60_1     3047.0   4.745678  ...   6.203784   7.778640
gaindelay_61_1     3047.0   3.533431  ...   5.005051   6.635396
gaindelay_62_1     3047.0   2.510070  ...   3.997227   5.693448
gaindelay_63_1     3047.0   1.624530  ...   3.132222   4.901460
gaindelay_64_1     3047.0   0.841152  ...   2.366814   4.223988
gaindelay_65_1     3047.0   1.254970  ...   2.808146   4.795849
gaindelay_66_1     3047.0   0.446491  ...   2.015823   4.116042
gaindelay_67_1     3047.0  -0.289346  ...   1.369568   3.524784
gaindelay_68_1     3047.0  -0.972382  ...   0.758259   3.003606
gaindelay_69_1     3047.0  -1.618294  ...   0.242756   2.538628
gaindelay_70_1     3047.0   0.000000  ...   0.000000   0.000000
gaindelay_60_2     3047.0  -3.519193  ...  -2.176137  -0.725544
gaindelay_61_2     3047.0  -3.706588  ...  -2.337877  -0.821541
gaindelay_62_2     3047.0  -3.900783  ...  -2.506631  -0.916490
gaindelay_63_2     3047.0  -4.102938  ...  -2.680218  -1.010692
gaindelay_64_2     3047.0  -4.314326  ...  -2.866663  -1.104437
gaindelay_65_2     3047.0  -3.415462  ...  -1.933927  -0.037908
gaindelay_66_2     3047.0  -3.712053  ...  -2.207693  -0.194424
gaindelay_67_2     3047.0  -4.017861  ...  -2.420980  -0.346355
gaindelay_68_2     3047.0  -4.335470  ...  -2.663603  -0.494511
gaindelay_69_2     3047.0  -4.667717  ...  -2.864352  -0.639642
gaindelay_70_2     3047.0   0.000000  ...   0.000000   0.000000
gaindelay_60_3     3047.0   0.769606  ...   2.172363   3.687438
gaindelay_61_3     3047.0   0.198635  ...   1.622855   3.200686
gaindelay_62_3     3047.0  -0.327720  ...   1.118269   2.767532
gaindelay_63_3     3047.0  -0.819871  ...   0.651556   2.378238
gaindelay_64_3     3047.0  -1.286298  ...   0.207177   2.025170
gaindelay_65_3     3047.0  -0.613202  ...   0.911317   2.862346
gaindelay_66_3     3047.0  -1.170025  ...   0.374050   2.440470
gaindelay_67_3     3047.0  -1.701421  ...  -0.066001   2.058693
gaindelay_68_3     3047.0  -2.216047  ...  -0.507141   1.710008
gaindelay_69_3     3047.0  -2.721524  ...  -0.881344   1.388782
gaindelay_70_3     3047.0   0.000000  ...   0.000000   0.000000
gaindelay_60_4     3047.0   7.239150  ...   8.731966  10.344311
gaindelay_61_4     3047.0   5.498580  ...   6.998133   8.659423
gaindelay_62_4     3047.0   4.098330  ...   5.608529   7.331030
gaindelay_63_4     3047.0   2.934449  ...   4.461575   6.253619
gaindelay_64_4     3047.0   1.939640  ...   3.481921   5.359326
gaindelay_65_4     3047.0   2.189057  ...   3.756561   5.762600
gaindelay_66_4     3047.0   1.232585  ...   2.814198   4.930854
gaindelay_67_4     3047.0   0.381034  ...   2.051100   4.220807
gaindelay_68_4     3047.0  -0.394204  ...   1.346542   3.604999
gaindelay_69_4     3047.0  -1.114785  ...   0.755790   3.063412
gaindelay_70_4     3047.0   0.000000  ...   0.000000   0.000000
gaindelay_60_5     3047.0  18.119746  ...  19.764025  21.539960
gaindelay_61_5     3047.0  13.102849  ...  14.710489  16.491524
gaindelay_62_5     3047.0   9.724213  ...  11.316029  13.131621
gaindelay_63_5     3047.0   7.269335  ...   8.860772  10.728284
gaindelay_64_5     3047.0   5.383547  ...   6.977932   8.918763
gaindelay_65_5     3047.0   4.991316  ...   6.601805   8.662854
gaindelay_66_5     3047.0   3.506944  ...   5.124090   7.288300
gaindelay_67_5     3047.0   2.263254  ...   3.964635   6.175025
gaindelay_68_5     3047.0   1.188623  ...   2.957031   5.251376
gaindelay_69_5     3047.0   0.234190  ...   2.130283   4.469384
gaindelay_70_5     3047.0   0.000000  ...   0.000000   0.000000
gaindelay_60_6     3047.0  40.256134  ...  42.208561  44.317317
gaindelay_61_6     3047.0  24.931713  ...  26.707487  28.674792
gaindelay_62_6     3047.0  17.114311  ...  18.813338  20.751212
gaindelay_63_6     3047.0  12.330737  ...  13.997265  15.952894
gaindelay_64_6     3047.0   9.068287  ...  10.718420  12.727111
gaindelay_65_6     3047.0   7.793575  ...   9.447049  11.563108
gaindelay_66_6     3047.0   5.663051  ...   7.313883   9.523175
gaindelay_67_6     3047.0   3.972793  ...   5.702616   7.949958
gaindelay_68_6     3047.0   2.576574  ...   4.369238   6.695053
gaindelay_69_6     3047.0   1.382822  ...   3.300643   5.666549
gaindelay_70_6     3047.0   0.000000  ...   0.000000   0.000000
nra_1              3047.0  65.000000  ...  65.000000  65.000000
nra_2              3047.0  65.000000  ...  65.000000  65.000000
nra_3              3047.0  65.000000  ...  65.000000  65.000000
nra_4              3047.0  65.000000  ...  65.000000  65.000000
nra_5              3047.0  65.000000  ...  65.000000  65.000000
nra_6              3047.0  65.000000  ...  65.000000  65.000000
age                3047.0  57.078110  ...  58.000000  59.000000
married            3047.0   0.682967  ...   1.000000   1.000000
healthproblems     3047.0   0.598950  ...   1.000000   7.000000
finlit             3047.0   2.402691  ...   3.000000   3.000000
retlit             3047.0   3.656055  ...   5.000000   6.000000

[96 rows x 8 columns]
- sample size and number of scenarios:  3047 6
* estimation completed...
* computed standard errors ...
loglike =  -35653.51644208939
aic =  71347.03288417879
K =  4
                   point        se   free
female         -0.150794  0.026629   True
college        -0.078856  0.025406   True
married        -0.014588  0.020146   True
healthproblems -0.045708  0.015593   True
finlit         -0.014019  0.013957   True
retlit          0.030155  0.020329   True
pref_bequest   -0.015703  0.030007   True
pref_patient    0.000748  0.027045   True
log_earn       -0.175977  0.013945   True
log_wealth      0.005762  0.002484   True
lambda_G       -0.088605  0.022055   True
lambda_R        2.861551  0.028716   True
lambda_D        0.472674  0.144739   True
lambda_Fm       0.000000       NaN  False
lambda_Fp       0.000000       NaN  False
alpha_0        -4.917150  0.060877   True
alpha_1        -0.488240  0.020431   True
alpha_2        -2.530895  0.059161   True
alpha_3         4.377723  0.167868   True
log_odd_pi_0    0.000000       NaN  False
log_odd_pi_1    0.795981  0.047651   True
log_odd_pi_2    1.712387  0.078485   True
log_odd_pi_3   -0.610540  0.097377   True
* descriptive statistics:  
At iterate  118    f=  3.56747D+04    |proj g|=  4.81402D+02

At iterate  119    f=  3.56744D+04    |proj g|=  9.39886D+01

At iterate  120    f=  3.56741D+04    |proj g|=  1.18527D+02

At iterate  121    f=  3.56732D+04    |proj g|=  4.81030D+02

At iterate  122    f=  3.56725D+04    |proj g|=  4.97935D+02

At iterate  123    f=  3.56719D+04    |proj g|=  2.85390D+02

At iterate  124    f=  3.56712D+04    |proj g|=  7.54012D+02

At iterate  125    f=  3.56702D+04    |proj g|=  1.47946D+02

At iterate  126    f=  3.56700D+04    |proj g|=  1.41206D+02

At iterate  127    f=  3.56697D+04    |proj g|=  2.94630D+02

At iterate  128    f=  3.56694D+04    |proj g|=  3.76432D+02

At iterate  129    f=  3.56687D+04    |proj g|=  3.71793D+02

At iterate  130    f=  3.56679D+04    |proj g|=  2.68270D+02

At iterate  131    f=  3.56670D+04    |proj g|=  1.54963D+02

At iterate  132    f=  3.56665D+04    |proj g|=  1.58554D+02

At iterate  133    f=  3.56659D+04    |proj g|=  5.29602D+02

At iterate  134    f=  3.56652D+04    |proj g|=  2.56982D+02

At iterate  135    f=  3.56642D+04    |proj g|=  7.71310D+01

At iterate  136    f=  3.56631D+04    |proj g|=  3.06951D+02

At iterate  137    f=  3.56627D+04    |proj g|=  4.00044D+02

At iterate  138    f=  3.56620D+04    |proj g|=  1.21156D+02

At iterate  139    f=  3.56618D+04    |proj g|=  1.30184D+02

At iterate  140    f=  3.56615D+04    |proj g|=  1.48924D+02

At iterate  141    f=  3.56608D+04    |proj g|=  1.71822D+02

At iterate  142    f=  3.56603D+04    |proj g|=  2.13694D+02

At iterate  143    f=  3.56597D+04    |proj g|=  1.46748D+02

At iterate  144    f=  3.56593D+04    |proj g|=  2.32208D+02

At iterate  145    f=  3.56588D+04    |proj g|=  7.90031D+01

At iterate  146    f=  3.56585D+04    |proj g|=  1.06703D+02

At iterate  147    f=  3.56582D+04    |proj g|=  3.16129D+02

At iterate  148    f=  3.56580D+04    |proj g|=  1.40739D+02

At iterate  149    f=  3.56578D+04    |proj g|=  2.64795D+02

At iterate  150    f=  3.56575D+04    |proj g|=  2.46381D+02

At iterate  151    f=  3.56574D+04    |proj g|=  6.96749D+02

At iterate  152    f=  3.56571D+04    |proj g|=  1.82482D+02

At iterate  153    f=  3.56570D+04    |proj g|=  1.31737D+02

At iterate  154    f=  3.56568D+04    |proj g|=  2.79435D+02

At iterate  155    f=  3.56567D+04    |proj g|=  3.01491D+02

At iterate  156    f=  3.56566D+04    |proj g|=  2.24196D+02

At iterate  157    f=  3.56563D+04    |proj g|=  1.00295D+02

At iterate  158    f=  3.56561D+04    |proj g|=  1.22927D+02

At iterate  159    f=  3.56560D+04    |proj g|=  2.72765D+02

At iterate  160    f=  3.56557D+04    |proj g|=  4.26709D+02

At iterate  161    f=  3.56554D+04    |proj g|=  4.28379D+02

At iterate  162    f=  3.56553D+04    |proj g|=  6.74280D+02

At iterate  163    f=  3.56548D+04    |proj g|=  3.93083D+02

At iterate  164    f=  3.56544D+04    |proj g|=  1.26113D+02

At iterate  165    f=  3.56543D+04    |proj g|=  2.08164D+02

At iterate  166    f=  3.56541D+04    |proj g|=  1.45977D+02

At iterate  167    f=  3.56541D+04    |proj g|=  3.05357D+02

At iterate  168    f=  3.56539D+04    |proj g|=  1.19384D+02

At iterate  169    f=  3.56538D+04    |proj g|=  1.32482D+02

At iterate  170    f=  3.56537D+04    |proj g|=  1.99384D+02

At iterate  171    f=  3.56536D+04    |proj g|=  2.17647D+02

At iterate  172    f=  3.56536D+04    |proj g|=  2.25816D+02

At iterate  173    f=  3.56535D+04    |proj g|=  1.35986D+02

           * * *

Tit   = total number of iterations
Tnf   = total number of function evaluations
Tnint = total number of segments explored during Cauchy searches
Skip  = number of BFGS updates skipped
Nact  = number of active bounds at final generalized Cauchy point
Projg = norm of the final projected gradient
F     = final function value

           * * *

   N    Tit     Tnf  Tnint  Skip  Nact     Projg        F
   20    173    197      1     0     0   1.360D+02   3.565D+04
  F =   35653.516442089393     

CONVERGENCE: REL_REDUCTION_OF_F_<=_FACTR*EPSMCH             
RUNNING THE L-BFGS-B CODE

           * * *

Machine precision = 2.220D-16
