RUNNING THE L-BFGS-B CODE

           * * *

Machine precision = 2.220D-16
 N =           20     M =           10

At X0         0 variables are exactly at the bounds

At iterate    0    f=  1.48094D+04    |proj g|=  2.33907D+04

At iterate    1    f=  1.36913D+04    |proj g|=  5.44704D+03

At iterate    2    f=  1.32213D+04    |proj g|=  4.80496D+03

At iterate    3    f=  1.24215D+04    |proj g|=  4.92293D+03

At iterate    4    f=  1.22773D+04    |proj g|=  3.35867D+03

At iterate    5    f=  1.22121D+04    |proj g|=  1.55102D+03

At iterate    6    f=  1.21874D+04    |proj g|=  6.52349D+02

At iterate    7    f=  1.21561D+04    |proj g|=  6.73355D+02

At iterate    8    f=  1.20749D+04    |proj g|=  2.01669D+03

At iterate    9    f=  1.19355D+04    |proj g|=  2.35350D+03

At iterate   10    f=  1.17234D+04    |proj g|=  2.16733D+03

At iterate   11    f=  1.16086D+04    |proj g|=  2.93912D+03

At iterate   12    f=  1.15984D+04    |proj g|=  3.39997D+03

At iterate   13    f=  1.15376D+04    |proj g|=  1.92374D+03

At iterate   14    f=  1.15073D+04    |proj g|=  1.32521D+03

At iterate   15    f=  1.14479D+04    |proj g|=  7.49276D+02

At iterate   16    f=  1.13189D+04    |proj g|=  1.10456D+03

At iterate   17    f=  1.12475D+04    |proj g|=  1.49585D+03

At iterate   18    f=  1.11648D+04    |proj g|=  3.89113D+03

At iterate   19    f=  1.10642D+04    |proj g|=  1.62069D+03

At iterate   20    f=  1.10349D+04    |proj g|=  6.21469D+02

At iterate   21    f=  1.10128D+04    |proj g|=  3.37428D+02

At iterate   22    f=  1.10024D+04    |proj g|=  5.94125D+02

At iterate   23    f=  1.09910D+04    |proj g|=  6.55969D+02

At iterate   24    f=  1.09727D+04    |proj g|=  5.68475D+02

At iterate   25    f=  1.09575D+04    |proj g|=  3.13974D+02

At iterate   26    f=  1.09296D+04    |proj g|=  1.12031D+03

At iterate   27    f=  1.09184D+04    |proj g|=  1.37829D+03

At iterate   28    f=  1.08985D+04    |proj g|=  8.41896D+02

At iterate   29    f=  1.08899D+04    |proj g|=  4.12063D+02

At iterate   30    f=  1.08739D+04    |proj g|=  5.76784D+02

At iterate   31    f=  1.08615D+04    |proj g|=  8.24419D+02

At iterate   32    f=  1.08449D+04    |proj g|=  4.70017D+02

At iterate   33    f=  1.08346D+04    |proj g|=  8.54026D+02

At iterate   34    f=  1.08270D+04    |proj g|=  5.06538D+02

At iterate   35    f=  1.08189D+04    |proj g|=  4.20125D+02

At iterate   36    f=  1.08167D+04    |proj g|=  2.97156D+02

At iterate   37    f=  1.08111D+04    |proj g|=  2.23340D+02

At iterate   38    f=  1.08014D+04    |proj g|=  2.39463D+02

At iterate   39    f=  1.07910D+04    |proj g|=  8.54790D+02

At iterate   40    f=  1.07762D+04    |proj g|=  6.31575D+02

At iterate   41    f=  1.07705D+04    |proj g|=  2.35040D+02

At iterate   42    f=  1.07654D+04    |proj g|=  1.46447D+02

At iterate   43    f=  1.07598D+04    |proj g|=  3.06570D+02

At iterate   44    f=  1.07575D+04    |proj g|=  5.81205D+02

At iterate   45    f=  1.07536D+04    |proj g|=  2.03044D+02

At iterate   46    f=  1.07512D+04    |proj g|=  1.90087D+02

At iterate   47    f=  1.07493D+04    |proj g|=  7.08673D+02

At iterate   48    f=  1.07456D+04    |proj g|=  4.83724D+02

At iterate   49    f=  1.07418D+04    |proj g|=  3.71948D+02

At iterate   50    f=  1.07399D+04    |proj g|=  2.10536D+02

At iterate   51    f=  1.07379D+04    |proj g|=  1.57182D+02

At iterate   52    f=  1.07360D+04    |proj g|=  2.68222D+02

At iterate   53    f=  1.07342D+04    |proj g|=  2.67474D+02

At iterate   54    f=  1.07315D+04    |proj g|=  2.93470D+02

At iterate   55    f=  1.07271D+04    |proj g|=  4.14675D+02

At iterate   56    f=  1.07232D+04    |proj g|=  4.22007D+02

At iterate   57    f=  1.07210D+04    |proj g|=  2.28705D+02

At iterate   58    f=  1.07181D+04    |proj g|=  1.55416D+02

At iterate   59    f=  1.07141D+04    |proj g|=  6.45751D+02

At iterate   60    f=  1.07121D+04    |proj g|=  5.66435D+02

At iterate   61    f=  1.07102D+04    |proj g|=  1.14822D+02

At iterate   62    f=  1.07097D+04    |proj g|=  8.00839D+01

At iterate   63    f=  1.07094D+04    |proj g|=  8.59814D+01
* descriptive statistics:                      count       mean  ...        75%        max
claim_2            1006.0  64.348907  ...  66.000000  70.000000
claim_3            1006.0  65.151093  ...  67.000000  70.000000
claim_4            1006.0  65.682903  ...  68.000000  70.000000
claim_5            1006.0  65.943340  ...  68.000000  70.000000
claim_6            1006.0  66.202783  ...  68.000000  70.000000
claim_7            1006.0  65.418489  ...  67.000000  70.000000
miss_retage        1006.0   0.449304  ...   1.000000   1.000000
retage             1006.0  61.063618  ...  65.000000  99.000000
female             1006.0   0.443340  ...   1.000000   1.000000
dbage              1006.0  76.541750  ...  85.000000  85.000000
college            1006.0   0.685885  ...   1.000000   1.000000
pref_bequest       1006.0   0.280318  ...   1.000000   1.000000
pref_raversion     1006.0   0.226640  ...   0.000000   1.000000
pref_livewell      1006.0   0.551690  ...   1.000000   1.000000
pref_spendquickly  1006.0   0.229622  ...   0.000000   1.000000
pref_patient       1006.0   0.851889  ...   1.000000   1.000000
log_wealth         1006.0   9.351766  ...  12.713638  15.430931
log_earn           1006.0  10.804351  ...  11.294455  13.815511
treat              1006.0   0.000000  ...   0.000000   0.000000
gaindelay_60_2     1006.0  -3.490597  ...  -2.161027  -0.725712
gaindelay_61_2     1006.0  -3.677928  ...  -2.314551  -0.821707
gaindelay_62_2     1006.0  -3.871990  ...  -2.490445  -0.916656
gaindelay_63_2     1006.0  -4.073928  ...  -2.670188  -1.010857
gaindelay_64_2     1006.0  -4.285002  ...  -2.843652  -1.104600
gaindelay_65_2     1006.0  -3.385364  ...  -1.891787  -0.038072
gaindelay_66_2     1006.0  -3.681412  ...  -2.158134  -0.194587
gaindelay_67_2     1006.0  -3.986527  ...  -2.417968  -0.346517
gaindelay_68_2     1006.0  -4.303273  ...  -2.629345  -0.494672
gaindelay_69_2     1006.0  -4.634471  ...  -2.864353  -0.639803
gaindelay_70_2     1006.0   0.000000  ...   0.000000   0.000000
gaindelay_60_3     1006.0   0.799473  ...   2.188145   3.687264
gaindelay_61_3     1006.0   0.228457  ...   1.647126   3.200513
gaindelay_62_3     1006.0  -0.297855  ...   1.135057   2.767361
gaindelay_63_3     1006.0  -0.789868  ...   0.661929   2.378068
gaindelay_64_3     1006.0  -1.256047  ...   0.230916   2.025001
gaindelay_65_3     1006.0  -0.582231  ...   0.954680   2.862177
gaindelay_66_3     1006.0  -1.138576  ...   0.424918   2.440303
gaindelay_67_3     1006.0  -1.669331  ...  -0.062916   2.058527
gaindelay_68_3     1006.0  -2.183136  ...  -0.472123   1.709842
gaindelay_69_3     1006.0  -2.687600  ...  -0.881346   1.388619
gaindelay_70_3     1006.0   0.000000  ...   0.000000   0.000000
gaindelay_60_4     1006.0   7.270934  ...   8.748761  10.344125
gaindelay_61_4     1006.0   5.529979  ...   7.023688   8.659241
gaindelay_62_4     1006.0   4.129521  ...   5.626063   7.330851
gaindelay_63_4     1006.0   2.965588  ...   4.472341   6.253442
gaindelay_64_4     1006.0   1.970880  ...   3.506437   5.359151
gaindelay_65_4     1006.0   2.220901  ...   3.801146   5.762426
gaindelay_66_4     1006.0   1.264800  ...   2.866303   4.930682
gaindelay_67_4     1006.0   0.413805  ...   2.054251   4.220637
gaindelay_68_4     1006.0  -0.360680  ...   1.382212   3.604831
gaindelay_69_4     1006.0  -1.080300  ...   0.755788   3.063245
gaindelay_70_4     1006.0   0.000000  ...   0.000000   0.000000
gaindelay_60_5     1006.0  18.154756  ...  19.782524  21.539755
gaindelay_61_5     1006.0  13.136512  ...  14.737886  16.491328
gaindelay_62_5     1006.0   9.757089  ...  11.334510  13.131432
gaindelay_63_5     1006.0   7.301785  ...   8.871991  10.728100
gaindelay_64_5     1006.0   5.415843  ...   7.003276   8.918582
gaindelay_65_5     1006.0   5.024034  ...   6.647613   8.662675
gaindelay_66_5     1006.0   3.539882  ...   5.177365   7.288124
gaindelay_67_5     1006.0   2.296639  ...   3.967845   6.174852
gaindelay_68_5     1006.0   1.222680  ...   2.993268   5.251205
gaindelay_69_5     1006.0   0.269145  ...   2.130281   4.469216
gaindelay_70_5     1006.0   0.000000  ...   0.000000   0.000000
gaindelay_60_6     1006.0  40.297704  ...  42.230527  44.317074
gaindelay_61_6     1006.0  24.968896  ...  26.737750  28.674576
gaindelay_62_6     1006.0  17.149401  ...  18.833063  20.751011
gaindelay_63_6     1006.0  12.364719  ...  14.009014  15.952701
gaindelay_64_6     1006.0   9.101711  ...  10.744649  12.726925
gaindelay_65_6     1006.0   7.827166  ...   9.494079  11.562925
gaindelay_66_6     1006.0   5.696675  ...   7.368268   9.522996
gaindelay_67_6     1006.0   4.006736  ...   5.705880   7.949782
gaindelay_68_6     1006.0   2.611097  ...   4.405972   6.694880
gaindelay_69_6     1006.0   1.418177  ...   3.300641   5.666378
gaindelay_70_6     1006.0   0.000000  ...   0.000000   0.000000
gaindelay_60_7     1006.0   4.776724  ...   6.220189   7.778458
gaindelay_61_7     1006.0   3.564246  ...   5.030131   6.635217
gaindelay_62_7     1006.0   2.540785  ...   4.014493   5.693271
gaindelay_63_7     1006.0   1.655273  ...   3.142851   4.901286
gaindelay_64_7     1006.0   0.872055  ...   2.391065   4.223815
gaindelay_65_7     1006.0   1.286524  ...   2.852324   4.795676
gaindelay_66_7     1006.0   0.478456  ...   2.067523   4.115872
gaindelay_67_7     1006.0  -0.256794  ...   1.372697   3.524615
gaindelay_68_7     1006.0  -0.939053  ...   0.793722   3.003439
gaindelay_69_7     1006.0  -1.583985  ...   0.242754   2.538462
gaindelay_70_7     1006.0   0.000000  ...   0.000000   0.000000
nra_2              1006.0  65.000000  ...  65.000000  65.000000
nra_3              1006.0  65.000000  ...  65.000000  65.000000
nra_4              1006.0  65.000000  ...  65.000000  65.000000
nra_5              1006.0  65.000000  ...  65.000000  65.000000
nra_6              1006.0  65.000000  ...  65.000000  65.000000
nra_7              1006.0  65.367793  ...  65.000000  67.000000
age                1006.0  57.058648  ...  58.000000  59.000000
married            1006.0   0.671968  ...   1.000000   1.000000
healthproblems     1006.0   0.536779  ...   1.000000   7.000000
finlit             1006.0   2.456262  ...   3.000000   3.000000
retlit             1006.0   3.663022  ...   5.000000   6.000000

[96 rows x 8 columns]
- sample size and number of scenarios:  1006 6
* estimation completed...
* computed standard errors ...
loglike =  -10698.723185166898
aic =  21437.446370333797
Arm =  Control
                   point        se   free
female          0.051125  0.035324   True
college        -0.748880  0.032052   True
married        -0.331945  0.025398   True
healthproblems -0.043750  0.018072   True
finlit          0.116814  0.017918   True
retlit          0.212131  0.024469   True
pref_bequest    0.002894  0.034887   True
pref_patient   -0.215937  0.031742   True
log_earn       -0.166547  0.017221   True
log_wealth     -0.013002  0.003201   True
lambda_G       -0.053294  0.037950   True
lambda_R        2.872417  0.043725   True
lambda_D        0.922664  0.025767   True
lambda_Fm      -0.597287  0.011202   True
lambda_Fp       0.129660  0.178111   True
alpha_0        -3.613938  0.029778   True
alpha_1        -1.457718  0.038687   True
alpha_2         2.085053  0.193669   True
log_odd_pi_0    0.000000       NaN  False
log_odd_pi_1    0.531242  0.112705   True
log_odd_pi_2   -0.945268  0.117954   True
* descriptive statistics:  
At iterate   64    f=  1.07087D+04    |proj g|=  2.11610D+02

At iterate   65    f=  1.07081D+04    |proj g|=  1.68552D+02

At iterate   66    f=  1.07077D+04    |proj g|=  1.00737D+02

At iterate   67    f=  1.07073D+04    |proj g|=  1.03549D+02

At iterate   68    f=  1.07065D+04    |proj g|=  1.50930D+02

At iterate   69    f=  1.07051D+04    |proj g|=  2.29773D+02

At iterate   70    f=  1.07049D+04    |proj g|=  2.23031D+02

At iterate   71    f=  1.07043D+04    |proj g|=  8.16766D+01

At iterate   72    f=  1.07042D+04    |proj g|=  5.33933D+01

At iterate   73    f=  1.07040D+04    |proj g|=  5.13517D+01

At iterate   74    f=  1.07035D+04    |proj g|=  1.53228D+02

At iterate   75    f=  1.07028D+04    |proj g|=  2.41685D+02

At iterate   76    f=  1.07022D+04    |proj g|=  5.56469D+01

At iterate   77    f=  1.07013D+04    |proj g|=  1.36814D+02

At iterate   78    f=  1.07009D+04    |proj g|=  6.28674D+01

At iterate   79    f=  1.07008D+04    |proj g|=  2.96723D+01

At iterate   80    f=  1.07006D+04    |proj g|=  6.19562D+01

At iterate   81    f=  1.07005D+04    |proj g|=  8.70994D+01

At iterate   82    f=  1.07004D+04    |proj g|=  1.70851D+02

At iterate   83    f=  1.07002D+04    |proj g|=  1.03719D+02

At iterate   84    f=  1.07001D+04    |proj g|=  2.80794D+01

At iterate   85    f=  1.07000D+04    |proj g|=  2.32347D+01

At iterate   86    f=  1.07000D+04    |proj g|=  6.99903D+01

At iterate   87    f=  1.06999D+04    |proj g|=  6.85675D+01

At iterate   88    f=  1.06998D+04    |proj g|=  1.09974D+02

At iterate   89    f=  1.06997D+04    |proj g|=  2.92237D+01

At iterate   90    f=  1.06996D+04    |proj g|=  3.47503D+01

At iterate   91    f=  1.06994D+04    |proj g|=  3.48500D+01

At iterate   92    f=  1.06993D+04    |proj g|=  1.45561D+02

At iterate   93    f=  1.06991D+04    |proj g|=  7.94178D+01

At iterate   94    f=  1.06989D+04    |proj g|=  2.20029D+01

At iterate   95    f=  1.06988D+04    |proj g|=  1.38388D+02

At iterate   96    f=  1.06988D+04    |proj g|=  2.85854D+01

At iterate   97    f=  1.06988D+04    |proj g|=  1.68486D+01

At iterate   98    f=  1.06988D+04    |proj g|=  3.83590D+01

At iterate   99    f=  1.06987D+04    |proj g|=  3.55934D+01

At iterate  100    f=  1.06987D+04    |proj g|=  4.73530D+01

           * * *

Tit   = total number of iterations
Tnf   = total number of function evaluations
Tnint = total number of segments explored during Cauchy searches
Skip  = number of BFGS updates skipped
Nact  = number of active bounds at final generalized Cauchy point
Projg = norm of the final projected gradient
F     = final function value

           * * *

   N    Tit     Tnf  Tnint  Skip  Nact     Projg        F
   20    100    112      1     0     0   4.735D+01   1.070D+04
  F =   10698.723185166898     

CONVERGENCE: REL_REDUCTION_OF_F_<=_FACTR*EPSMCH             
RUNNING THE L-BFGS-B CODE

           * * *

Machine precision = 2.220D-16
 N =           20     M =           10

At X0         0 variables are exactly at the bounds

At iterate    0    f=  1.54694D+04    |proj g|=  2.38455D+04

At iterate    1    f=  1.43793D+04    |proj g|=  5.63111D+03

At iterate    2    f=  1.38886D+04    |proj g|=  5.17451D+03

At iterate    3    f=  1.31690D+04    |proj g|=  6.38485D+03

At iterate    4    f=  1.29550D+04    |proj g|=  3.36719D+03

At iterate    5    f=  1.28918D+04    |proj g|=  1.36725D+03

At iterate    6    f=  1.28686D+04    |proj g|=  5.99957D+02

At iterate    7    f=  1.28474D+04    |proj g|=  6.15567D+02

At iterate    8    f=  1.27769D+04    |proj g|=  2.24374D+03

At iterate    9    f=  1.26840D+04    |proj g|=  3.06431D+03

At iterate   10    f=  1.25094D+04    |proj g|=  3.16814D+03

At iterate   11    f=  1.22663D+04    |proj g|=  2.96514D+03

At iterate   12    f=  1.21869D+04    |proj g|=  3.12014D+03

At iterate   13    f=  1.20336D+04    |proj g|=  1.58621D+03

At iterate   14    f=  1.19911D+04    |proj g|=  6.07969D+02

At iterate   15    f=  1.19727D+04    |proj g|=  4.25292D+02

At iterate   16    f=  1.19508D+04    |proj g|=  1.04387D+03

At iterate   17    f=  1.19363D+04    |proj g|=  1.05242D+03

At iterate   18    f=  1.19193D+04    |proj g|=  1.09067D+03

At iterate   19    f=  1.18907D+04    |proj g|=  4.79008D+02

At iterate   20    f=  1.18847D+04    |proj g|=  3.03848D+02

At iterate   21    f=  1.18511D+04    |proj g|=  1.26630D+03

At iterate   22    f=  1.18380D+04    |proj g|=  1.45865D+03

At iterate   23    f=  1.17970D+04    |proj g|=  1.36839D+03

At iterate   24    f=  1.17698D+04    |proj g|=  6.61781D+02

At iterate   25    f=  1.17465D+04    |proj g|=  4.55396D+02

At iterate   26    f=  1.17380D+04    |proj g|=  3.18037D+02

At iterate   27    f=  1.17311D+04    |proj g|=  3.60146D+02

At iterate   28    f=  1.17239D+04    |proj g|=  3.06592D+02

At iterate   29    f=  1.17189D+04    |proj g|=  1.19745D+03

At iterate   30    f=  1.17040D+04    |proj g|=  1.39024D+03

At iterate   31    f=  1.16766D+04    |proj g|=  2.91190D+02

At iterate   32    f=  1.16691D+04    |proj g|=  1.60076D+02

At iterate   33    f=  1.16580D+04    |proj g|=  3.08485D+02

At iterate   34    f=  1.16462D+04    |proj g|=  6.41565D+02

At iterate   35    f=  1.16446D+04    |proj g|=  4.54494D+02

At iterate   36    f=  1.16421D+04    |proj g|=  1.77713D+02

At iterate   37    f=  1.16396D+04    |proj g|=  2.15181D+02

At iterate   38    f=  1.16371D+04    |proj g|=  4.65555D+02

At iterate   39    f=  1.16306D+04    |proj g|=  6.31425D+02

At iterate   40    f=  1.16174D+04    |proj g|=  8.83932D+02

At iterate   41    f=  1.15998D+04    |proj g|=  2.14128D+03

At iterate   42    f=  1.15861D+04    |proj g|=  1.02239D+03

At iterate   43    f=  1.15782D+04    |proj g|=  2.43328D+02

At iterate   44    f=  1.15758D+04    |proj g|=  3.88693D+02

At iterate   45    f=  1.15690D+04    |proj g|=  2.59332D+02

At iterate   46    f=  1.15562D+04    |proj g|=  3.70017D+02

At iterate   47    f=  1.15394D+04    |proj g|=  6.73733D+02

At iterate   48    f=  1.15345D+04    |proj g|=  1.00632D+03

At iterate   49    f=  1.15249D+04    |proj g|=  3.82527D+02

At iterate   50    f=  1.15186D+04    |proj g|=  2.63462D+02

At iterate   51    f=  1.15114D+04    |proj g|=  4.00831D+02

At iterate   52    f=  1.15001D+04    |proj g|=  4.58124D+02

At iterate   53    f=  1.14978D+04    |proj g|=  9.60200D+02

At iterate   54    f=  1.14932D+04    |proj g|=  2.81613D+02

At iterate   55    f=  1.14909D+04    |proj g|=  2.40580D+02

At iterate   56    f=  1.14880D+04    |proj g|=  2.72241D+02

At iterate   57    f=  1.14868D+04    |proj g|=  2.32128D+02

At iterate   58    f=  1.14854D+04    |proj g|=  1.91185D+02

At iterate   59    f=  1.14848D+04    |proj g|=  2.21838D+02

At iterate   60    f=  1.14841D+04    |proj g|=  2.23302D+02

At iterate   61    f=  1.14820D+04    |proj g|=  1.09155D+02

At iterate   62    f=  1.14814D+04    |proj g|=  7.65611D+01

At iterate   63    f=  1.14808D+04    |proj g|=  7.94163D+01

At iterate   64    f=  1.14802D+04    |proj g|=  1.41491D+02

At iterate   65    f=  1.14799D+04    |proj g|=  4.41123D+02

At iterate   66    f=  1.14794D+04    |proj g|=  6.73579D+01

At iterate   67    f=  1.14793D+04    |proj g|=  3.13352D+01

At iterate   68    f=  1.14792D+04    |proj g|=  4.35242D+01

At iterate   69    f=  1.14790D+04    |proj g|=  8.55505D+01

At iterate   70    f=  1.14788D+04    |proj g|=  1.60361D+02

At iterate   71    f=  1.14784D+04    |proj g|=  1.29139D+02

At iterate   72    f=  1.14780D+04    |proj g|=  6.88602D+01

At iterate   73    f=  1.14775D+04    |proj g|=  6.39695D+01

At iterate   74    f=  1.14773D+04    |proj g|=  1.04875D+02

At iterate   75    f=  1.14772D+04    |proj g|=  8.68637D+01

At iterate   76    f=  1.14771D+04    |proj g|=  3.19973D+01

At iterate   77    f=  1.14770D+04    |proj g|=  9.12769D+01

At iterate   78    f=  1.14770D+04    |proj g|=  5.26430D+01

At iterate   79    f=  1.14770D+04    |proj g|=  3.82724D+01

At iterate   80    f=  1.14769D+04    |proj g|=  1.63671D+01

At iterate   81    f=  1.14769D+04    |proj g|=  1.14786D+01

At iterate   82    f=  1.14769D+04    |proj g|=  2.46793D+01

At iterate   83    f=  1.14768D+04    |proj g|=  2.85158D+01

At iterate   84    f=  1.14768D+04    |proj g|=  3.49666D+01
                    count       mean  ...        75%        max
claim_2            1043.0  64.258869  ...  66.000000  70.000000
claim_3            1043.0  65.104506  ...  67.000000  70.000000
claim_4            1043.0  65.529243  ...  67.000000  70.000000
claim_5            1043.0  65.883030  ...  68.000000  70.000000
claim_6            1043.0  66.108341  ...  68.000000  70.000000
claim_7            1043.0  65.419942  ...  67.000000  70.000000
miss_retage        1043.0   0.451582  ...   1.000000   1.000000
retage             1043.0  61.222435  ...  65.000000  99.000000
female             1043.0   0.461170  ...   1.000000   1.000000
dbage              1043.0  77.756472  ...  85.000000  85.000000
college            1043.0   0.660594  ...   1.000000   1.000000
pref_bequest       1043.0   0.272291  ...   1.000000   1.000000
pref_raversion     1043.0   0.261745  ...   1.000000   1.000000
pref_livewell      1043.0   0.510067  ...   1.000000   1.000000
pref_spendquickly  1043.0   0.219559  ...   0.000000   1.000000
pref_patient       1043.0   0.810163  ...   1.000000   1.000000
log_wealth         1043.0   9.179587  ...  12.671321  15.345905
log_earn           1043.0  10.766779  ...  11.289782  13.795308
treat              1043.0   1.000000  ...   1.000000   1.000000
gaindelay_60_2     1043.0  -3.530842  ...  -2.215964  -0.725544
gaindelay_61_2     1043.0  -3.718481  ...  -2.387886  -0.821541
gaindelay_62_2     1043.0  -3.912861  ...  -2.546780  -0.916490
gaindelay_63_2     1043.0  -4.115129  ...  -2.729078  -1.010692
gaindelay_64_2     1043.0  -4.326549  ...  -2.919537  -1.104437
gaindelay_65_2     1043.0  -3.427764  ...  -1.979663  -0.037908
gaindelay_66_2     1043.0  -3.724175  ...  -2.244786  -0.194424
gaindelay_67_2     1043.0  -4.029681  ...  -2.493124  -0.346355
gaindelay_68_2     1043.0  -4.346853  ...  -2.668772  -0.494511
gaindelay_69_2     1043.0  -4.678518  ...  -2.826550  -0.639642
gaindelay_70_2     1043.0   0.000000  ...   0.000000   0.000000
gaindelay_60_3     1043.0   0.757439  ...   2.130766   3.687438
gaindelay_61_3     1043.0   0.186259  ...   1.570817   3.200686
gaindelay_62_3     1043.0  -0.340246  ...   1.076627   2.767532
gaindelay_63_3     1043.0  -0.832480  ...   0.601023   2.378238
gaindelay_64_3     1043.0  -1.298908  ...   0.152630   2.025170
gaindelay_65_3     1043.0  -0.625862  ...   0.864254   2.862346
gaindelay_66_3     1043.0  -1.182467  ...   0.335978   2.440470
gaindelay_67_3     1043.0  -1.713526  ...  -0.139886   2.058693
gaindelay_68_3     1043.0  -2.227682  ...  -0.512423   1.710008
gaindelay_69_3     1043.0  -2.732546  ...  -0.842771   1.388782
gaindelay_70_3     1043.0   0.000000  ...   0.000000   0.000000
gaindelay_60_4     1043.0   7.226202  ...   8.687698  10.344311
gaindelay_61_4     1043.0   5.485550  ...   6.943343   8.659423
gaindelay_62_4     1043.0   4.085247  ...   5.565038   7.331030
gaindelay_63_4     1043.0   2.921363  ...   4.409129   6.253619
gaindelay_64_4     1043.0   1.926618  ...   3.425592   5.359326
gaindelay_65_4     1043.0   2.176040  ...   3.708170   5.762600
gaindelay_66_4     1043.0   1.219841  ...   2.775201   4.930854
gaindelay_67_4     1043.0   0.368673  ...   1.975651   4.220807
gaindelay_68_4     1043.0  -0.406055  ...   1.341161   3.604999
gaindelay_69_4     1043.0  -1.125988  ...   0.795001   3.063412
gaindelay_70_4     1043.0   0.000000  ...   0.000000   0.000000
gaindelay_60_5     1043.0  18.105485  ...  19.715265  21.539960
gaindelay_61_5     1043.0  13.088880  ...  14.651749  16.491524
gaindelay_62_5     1043.0   9.710423  ...  11.270188  13.131621
gaindelay_63_5     1043.0   7.255697  ...   8.806118  10.728284
gaindelay_64_5     1043.0   5.370085  ...   6.919700   8.918763
gaindelay_65_5     1043.0   4.977943  ...   6.552087   8.662854
gaindelay_66_5     1043.0   3.493913  ...   5.084216   7.288300
gaindelay_67_5     1043.0   2.250661  ...   3.887771   6.175025
gaindelay_68_5     1043.0   1.176583  ...   2.951564   5.251376
gaindelay_69_5     1043.0   0.222833  ...   2.170028   4.469384
gaindelay_70_5     1043.0   0.000000  ...   0.000000   0.000000
gaindelay_60_6     1043.0  40.239199  ...  42.150663  44.317317
gaindelay_61_6     1043.0  24.916282  ...  26.642604  28.674792
gaindelay_62_6     1043.0  17.099592  ...  18.764409  20.751212
gaindelay_63_6     1043.0  12.316456  ...  13.940032  15.952894
gaindelay_64_6     1043.0   9.054354  ...  10.658151  12.727111
gaindelay_65_6     1043.0   7.779845  ...   9.396004  11.563108
gaindelay_66_6     1043.0   5.649749  ...   7.273179   9.523175
gaindelay_67_6     1043.0   3.959989  ...   5.624467   7.949958
gaindelay_68_6     1043.0   2.564369  ...   4.363696   6.695053
gaindelay_69_6     1043.0   1.371335  ...   3.340843   5.666549
gaindelay_70_6     1043.0   0.000000  ...   0.000000   0.000000
gaindelay_60_7     1043.0   4.733032  ...   6.160546   7.778640
gaindelay_61_7     1043.0   3.520643  ...   4.951282   6.635396
gaindelay_62_7     1043.0   2.497187  ...   3.954400   5.693448
gaindelay_63_7     1043.0   1.611610  ...   3.080443   4.901460
gaindelay_64_7     1043.0   0.828271  ...   2.311091   4.223988
gaindelay_65_7     1043.0   1.242073  ...   2.760198   4.795849
gaindelay_66_7     1043.0   0.433846  ...   1.977128   4.116042
gaindelay_67_7     1043.0  -0.301624  ...   1.294622   3.524784
gaindelay_68_7     1043.0  -0.984165  ...   0.752909   3.003606
gaindelay_69_7     1043.0  -1.629440  ...   0.281767   2.538628
gaindelay_70_7     1043.0   0.000000  ...   0.000000   0.000000
nra_2              1043.0  65.000000  ...  65.000000  65.000000
nra_3              1043.0  65.000000  ...  65.000000  65.000000
nra_4              1043.0  65.000000  ...  65.000000  65.000000
nra_5              1043.0  65.000000  ...  65.000000  65.000000
nra_6              1043.0  65.000000  ...  65.000000  65.000000
nra_7              1043.0  65.395014  ...  65.000000  67.000000
age                1043.0  57.109300  ...  58.000000  59.000000
married            1043.0   0.683605  ...   1.000000   1.000000
healthproblems     1043.0   0.650048  ...   1.000000   7.000000
finlit             1043.0   2.368169  ...   3.000000   3.000000
retlit             1043.0   3.617450  ...   5.000000   6.000000

[96 rows x 8 columns]
- sample size and number of scenarios:  1043 6
* estimation completed...
* computed standard errors ...
loglike =  -11476.639448731705
aic =  22993.27889746341
Arm =  Insurance
                   point        se   free
female         -0.146746  0.032394   True
college        -0.473523  0.033945   True
married        -0.226232  0.024886   True
healthproblems  0.017657  0.017479   True
finlit         -0.077304  0.017371   True
retlit          0.085572  0.025226   True
pref_bequest   -0.149165  0.036917   True
pref_patient    0.000276  0.033045   True
log_earn        0.055358  0.018123   True
log_wealth     -0.017878  0.003035   True
lambda_G       -0.059149  0.028287   True
lambda_R        1.316391  0.037604   True
lambda_D        0.512505  0.025070   True
lambda_Fm      -0.625447  0.010420   True
lambda_Fp       0.120616  0.183972   True
alpha_0        -3.638676  0.029297   True
alpha_1        -1.605936  0.036450   True
alpha_2         2.305115  0.201581   True
log_odd_pi_0    0.000000       NaN  False
log_odd_pi_1    0.720086  0.117444   True
log_odd_pi_2   -1.036389  0.123346   True
* descriptive statistics:                     count       mean        std  ...        50%        75%        max
claim_2            998.0  64.402806   3.395979  ...  65.000000  67.000000  70.000000
claim_3            998.0  65.185371   3.167777  ...  65.000000  67.750000  70.000000
claim_4            998.0  65.666333   3.031743  ...  65.000000  68.000000  70.000000
claim_5            998.0  65.925852   3.000921  ...  65.000000  68.000000  70.000000
claim_6            998.0  66.195391   2.968389  ...  65.000000  69.000000  70.000000
claim_7            998.0  65.511022   3.048485  ...  65.000000  68.000000  70.000000
miss_retage        998.0   0.432866   0.495721  ...   0.000000   1.000000   1.000000
retage             998.0  61.290581   5.570172  ...  60.000000  65.000000  99.000000
female             998.0   0.453908   0.498121  ...   0.000000   1.000000   1.000000
dbage              998.0  77.222445  11.499275  ...  85.000000  85.000000  85.000000
college            998.0   0.684369   0.465000  ...   1.000000   1.000000   1.000000
pref_bequest       998.0   0.273547   0.446003  ...   0.000000   1.000000   1.000000
pref_raversion     998.0   0.226453   0.418745  ...   0.000000   0.000000   1.000000
pref_livewell      998.0   0.533066   0.499156  ...   1.000000   1.000000   1.000000
pref_spendquickly  998.0   0.231463   0.421979  ...   0.000000   0.000000   1.000000
pref_patient       998.0   0.833667   0.372566  ...   1.000000   1.000000   1.000000
log_wealth         998.0   9.446502   4.906754  ...  11.736077  12.644331  15.123844
log_earn           998.0  10.801040   0.748958  ...  10.819778  11.334067  14.845130
treat              998.0   2.000000   0.000000  ...   2.000000   2.000000   2.000000
gaindelay_60_2     998.0  -3.535844   1.716802  ...  -3.539881  -2.149615  -0.725544
gaindelay_61_2     998.0  -3.723047   1.789447  ...  -3.674233  -2.317866  -0.821541
gaindelay_62_2     998.0  -3.917185   1.872185  ...  -3.839882  -2.497704  -0.916490
gaindelay_63_2     998.0  -4.119439   1.966492  ...  -3.977650  -2.670175  -1.010692
gaindelay_64_2     998.0  -4.331110   2.074095  ...  -4.171191  -2.843758  -1.104437
gaindelay_65_2     998.0  -3.432944   2.222825  ...  -3.200910  -1.879351  -0.037908
gaindelay_66_2     998.0  -3.730271   2.363683  ...  -3.440638  -2.123291  -0.194424
gaindelay_67_2     998.0  -4.037095   2.525293  ...  -3.700067  -2.390956  -0.346355
gaindelay_68_2     998.0  -4.356030   2.711073  ...  -3.923310  -2.628448  -0.494511
gaindelay_69_2     998.0  -4.689940   2.925119  ...  -4.197142  -2.864353  -0.639642
gaindelay_70_2     998.0   0.000000   0.000000  ...   0.000000   0.000000   0.000000
gaindelay_60_3     998.0   0.752215   1.793118  ...   0.747998   2.200065   3.687438
gaindelay_61_3     998.0   0.181508   1.862019  ...   0.232301   1.643676   3.200686
gaindelay_62_3     998.0  -0.344731   1.941795  ...  -0.264553   1.127528   2.767532
gaindelay_63_3     998.0  -0.836937   2.033816  ...  -0.690294   0.661943   2.378238
gaindelay_64_3     998.0  -1.303613   2.139731  ...  -1.138633   0.230806   2.025170
gaindelay_65_3     998.0  -0.631191   2.287317  ...  -0.392426   0.967476   2.862346
gaindelay_66_3     998.0  -1.188724   2.426084  ...  -0.891445   0.460681   2.440470
gaindelay_67_3     998.0  -1.721119   2.586239  ...  -1.375957  -0.035253   2.058693
gaindelay_68_3     998.0  -2.237062   2.771136  ...  -1.794756  -0.471206   1.710008
gaindelay_69_3     998.0  -2.744202   2.984835  ...  -2.241343  -0.881346   1.388782
gaindelay_70_3     998.0   0.000000   0.000000  ...   0.000000   0.000000   0.000000
gaindelay_60_4     998.0   7.220642   1.908238  ...   7.216154   8.761446  10.344311
gaindelay_61_4     998.0   5.480547   1.960509  ...   5.534027   7.020056   8.659423
gaindelay_62_4     998.0   4.080563   2.028023  ...   4.164302   5.618200   7.331030
gaindelay_63_4     998.0   2.916737   2.110803  ...   3.068932   4.472355   6.253619
gaindelay_64_4     998.0   1.921759   2.209657  ...   2.092130   3.506323   5.359326
gaindelay_65_4     998.0   2.170560   2.351809  ...   2.416058   3.814303   5.762600
gaindelay_66_4     998.0   1.213432   2.485064  ...   1.517939   2.902935   4.930854
gaindelay_67_4     998.0   0.360919   2.641028  ...   0.713393   2.082500   4.220807
gaindelay_68_4     998.0  -0.415610   2.822766  ...   0.034937   1.383146   3.604999
gaindelay_69_4     998.0  -1.137837   3.034135  ...  -0.626672   0.755788   3.063412
gaindelay_70_4     998.0   0.000000   0.000000  ...   0.000000   0.000000   0.000000
gaindelay_60_5     998.0  18.099361   2.101850  ...  18.094418  19.796496  21.539960
gaindelay_61_5     998.0  13.083516   2.101821  ...  13.140851  14.733992  16.491524
gaindelay_62_5     998.0   9.705486   2.137625  ...   9.793750  11.326222  13.131621
gaindelay_63_5     998.0   7.250876   2.199695  ...   7.409481   8.872006  10.728284
gaindelay_64_5     998.0   5.365062   2.284308  ...   5.541189   7.003158   8.918763
gaindelay_65_5     998.0   4.972312   2.416301  ...   5.224542   6.661130   8.662854
gaindelay_66_5     998.0   3.487360   2.540895  ...   3.798708   5.214821   7.288300
gaindelay_67_5     998.0   2.242762   2.690549  ...   2.601845   3.996624   6.175025
gaindelay_68_5     998.0   1.166876   2.867622  ...   1.624583   2.994216   5.251376
gaindelay_69_5     998.0   0.210823   3.075526  ...   0.728961   2.130281   4.469384
gaindelay_70_5     998.0   0.000000   0.000000  ...   0.000000   0.000000   0.000000
gaindelay_60_6     998.0  40.231928   2.495750  ...  40.226058  42.247117  44.317317
gaindelay_61_6     998.0  24.910358   2.321640  ...  24.973689  26.733449  28.674792
gaindelay_62_6     998.0  17.094322   2.281597  ...  17.188531  18.824217  20.751212
gaindelay_63_6     998.0  12.311408   2.303486  ...  12.477496  14.009029  15.952894
gaindelay_64_6     998.0   9.049155   2.364179  ...   9.231441  10.744528  12.727111
gaindelay_65_6     998.0   7.774065   2.480793  ...   8.033026   9.507958  11.563108
gaindelay_66_6     998.0   5.643059   2.593823  ...   5.960892   7.406504   9.523175
gaindelay_67_6     998.0   3.951958   2.735527  ...   4.317044   5.735140   7.949958
gaindelay_68_6     998.0   2.554529   2.906956  ...   3.018514   4.406933   6.695053
gaindelay_69_6     998.0   1.359187   3.110770  ...   1.883262   3.300641   5.666549
gaindelay_70_6     998.0   0.000000   0.000000  ...   0.000000   0.000000   0.000000
gaindelay_60_7     998.0   4.727601   1.863869  ...   4.723218   6.232579   7.778640
gaindelay_61_7     998.0   3.515734   1.923990  ...   3.568218   5.026566   6.635396
gaindelay_62_7     998.0   2.492574   1.997080  ...   2.575035   4.006750   5.693448
gaindelay_63_7     998.0   1.607043   2.083941  ...   1.757301   3.142865   4.901460
gaindelay_64_7     998.0   0.823464   2.185846  ...   0.991999   2.390952   4.223988
gaindelay_65_7     998.0   1.236643   2.330312  ...   1.479897   2.865361   4.795849
gaindelay_66_7     998.0   0.427486   2.465767  ...   0.729629   2.103871   4.116042
gaindelay_67_7     998.0  -0.309326   2.623390  ...   0.040794   1.400758   3.524784
gaindelay_68_7     998.0  -0.993664   2.806381  ...  -0.545732   0.794651   3.003606
gaindelay_69_7     998.0  -1.641228   3.018686  ...  -1.132667   0.242754   2.538628
gaindelay_70_7     998.0   0.000000   0.000000  ...   0.000000   0.000000   0.000000
nra_2              998.0  65.000000   0.000000  ...  65.000000  65.000000  65.000000
nra_3              998.0  65.000000   0.000000  ...  65.000000  65.000000  65.000000
nra_4              998.0  65.000000   0.000000  ...  65.000000  65.000000  65.000000
nra_5              998.0  65.000000   0.000000  ...  65.000000  65.000000  65.000000
nra_6              998.0  65.000000   0.000000  ...  65.000000  65.000000  65.000000
nra_7              998.0  65.364729   0.772677  ...  65.000000  65.000000  67.000000
age                998.0  57.065130   1.430000  ...  57.000000  58.000000  59.000000
married            998.0   0.693387   0.461319  ...   1.000000   1.000000   1.000000
healthproblems     998.0   0.608216   0.876423  ...   0.000000   1.000000   7.000000
finlit             998.0   2.384770   0.862834  ...   3.000000   3.000000   3.000000
retlit             998.0   3.689379   1.301842  ...   4.000000   5.000000   6.000000

[96 rows x 8 columns]
At iterate   85    f=  1.14767D+04    |proj g|=  1.49334D+01

At iterate   86    f=  1.14766D+04    |proj g|=  1.10404D+01

At iterate   87    f=  1.14766D+04    |proj g|=  7.59490D+01

           * * *

Tit   = total number of iterations
Tnf   = total number of function evaluations
Tnint = total number of segments explored during Cauchy searches
Skip  = number of BFGS updates skipped
Nact  = number of active bounds at final generalized Cauchy point
Projg = norm of the final projected gradient
F     = final function value

           * * *

   N    Tit     Tnf  Tnint  Skip  Nact     Projg        F
   20     87    101      1     0     0   7.595D+01   1.148D+04
  F =   11476.639448731705     

CONVERGENCE: REL_REDUCTION_OF_F_<=_FACTR*EPSMCH             
RUNNING THE L-BFGS-B CODE

           * * *

Machine precision = 2.220D-16
 N =           20     M =           10

At X0         0 variables are exactly at the bounds

At iterate    0    f=  1.44834D+04    |proj g|=  2.19989D+04

At iterate    1    f=  1.34874D+04    |proj g|=  4.91174D+03

At iterate    2    f=  1.31172D+04    |proj g|=  4.68283D+03

At iterate    3    f=  1.26056D+04    |proj g|=  6.40475D+03

At iterate    4    f=  1.22863D+04    |proj g|=  2.61258D+03

At iterate    5    f=  1.22407D+04    |proj g|=  1.24216D+03

At iterate    6    f=  1.22058D+04    |proj g|=  6.23915D+02

At iterate    7    f=  1.21660D+04    |proj g|=  1.21032D+03

At iterate    8    f=  1.20967D+04    |proj g|=  2.35685D+03

At iterate    9    f=  1.19287D+04    |proj g|=  3.30718D+03

At iterate   10    f=  1.17227D+04    |proj g|=  3.02641D+03

At iterate   11    f=  1.15708D+04    |proj g|=  2.46670D+03

At iterate   12    f=  1.15092D+04    |proj g|=  3.87283D+03

At iterate   13    f=  1.12667D+04    |proj g|=  1.40551D+03

At iterate   14    f=  1.12257D+04    |proj g|=  1.29422D+03

At iterate   15    f=  1.11909D+04    |proj g|=  7.02819D+02

At iterate   16    f=  1.11514D+04    |proj g|=  9.48893D+02

At iterate   17    f=  1.11107D+04    |proj g|=  1.95430D+03

At iterate   18    f=  1.10533D+04    |proj g|=  1.35452D+03

At iterate   19    f=  1.09983D+04    |proj g|=  4.60086D+02

At iterate   20    f=  1.09708D+04    |proj g|=  6.06616D+02

At iterate   21    f=  1.09103D+04    |proj g|=  7.29622D+02

At iterate   22    f=  1.08538D+04    |proj g|=  4.84653D+02

At iterate   23    f=  1.08336D+04    |proj g|=  1.38279D+03

At iterate   24    f=  1.08149D+04    |proj g|=  5.35480D+02

At iterate   25    f=  1.08108D+04    |proj g|=  4.67237D+02

At iterate   26    f=  1.08080D+04    |proj g|=  3.64014D+02

At iterate   27    f=  1.08025D+04    |proj g|=  2.39741D+02

At iterate   28    f=  1.07967D+04    |proj g|=  3.29454D+02

At iterate   29    f=  1.07896D+04    |proj g|=  2.53871D+02

At iterate   30    f=  1.07821D+04    |proj g|=  6.09041D+02

At iterate   31    f=  1.07744D+04    |proj g|=  5.91469D+02

At iterate   32    f=  1.07721D+04    |proj g|=  4.23895D+02

At iterate   33    f=  1.07693D+04    |proj g|=  2.10866D+02

At iterate   34    f=  1.07627D+04    |proj g|=  4.90432D+02

At iterate   35    f=  1.07555D+04    |proj g|=  7.43583D+02

At iterate   36    f=  1.07475D+04    |proj g|=  1.76181D+02

At iterate   37    f=  1.07460D+04    |proj g|=  6.64368D+02

At iterate   38    f=  1.07434D+04    |proj g|=  1.66545D+02

At iterate   39    f=  1.07397D+04    |proj g|=  3.22262D+02

At iterate   40    f=  1.07357D+04    |proj g|=  5.25471D+02

At iterate   41    f=  1.07316D+04    |proj g|=  6.01646D+02

At iterate   42    f=  1.07280D+04    |proj g|=  1.68367D+02

At iterate   43    f=  1.07243D+04    |proj g|=  3.94567D+02

At iterate   44    f=  1.07202D+04    |proj g|=  3.79962D+02

At iterate   45    f=  1.07137D+04    |proj g|=  1.38238D+03

At iterate   46    f=  1.07044D+04    |proj g|=  5.74474D+02

At iterate   47    f=  1.07006D+04    |proj g|=  2.86250D+02

At iterate   48    f=  1.06998D+04    |proj g|=  1.13882D+02

At iterate   49    f=  1.06989D+04    |proj g|=  1.05855D+02

At iterate   50    f=  1.06984D+04    |proj g|=  4.94398D+01

At iterate   51    f=  1.06975D+04    |proj g|=  1.98792D+02

At iterate   52    f=  1.06965D+04    |proj g|=  6.85512D+01

At iterate   53    f=  1.06946D+04    |proj g|=  1.23054D+02

At iterate   54    f=  1.06924D+04    |proj g|=  4.91504D+02

At iterate   55    f=  1.06867D+04    |proj g|=  6.07701D+02

At iterate   56    f=  1.06856D+04    |proj g|=  7.72710D+02

At iterate   57    f=  1.06742D+04    |proj g|=  6.08771D+02

At iterate   58    f=  1.06713D+04    |proj g|=  1.91334D+03

At iterate   59    f=  1.06440D+04    |proj g|=  7.74306D+02

At iterate   60    f=  1.06396D+04    |proj g|=  5.09095D+02

At iterate   61    f=  1.06381D+04    |proj g|=  1.37553D+02

At iterate   62    f=  1.06367D+04    |proj g|=  9.84601D+01

At iterate   63    f=  1.06346D+04    |proj g|=  3.75023D+02

At iterate   64    f=  1.06310D+04    |proj g|=  2.94387D+02

At iterate   65    f=  1.06223D+04    |proj g|=  7.13806D+02

At iterate   66    f=  1.06157D+04    |proj g|=  2.82114D+02

At iterate   67    f=  1.06125D+04    |proj g|=  2.91580D+02

At iterate   68    f=  1.06076D+04    |proj g|=  3.80344D+02

At iterate   69    f=  1.06034D+04    |proj g|=  4.67183D+02

At iterate   70    f=  1.05996D+04    |proj g|=  2.59980D+02

At iterate   71    f=  1.05970D+04    |proj g|=  5.01830D+01

At iterate   72    f=  1.05967D+04    |proj g|=  1.74897D+02

At iterate   73    f=  1.05959D+04    |proj g|=  1.36587D+02

At iterate   74    f=  1.05944D+04    |proj g|=  1.49282D+02

At iterate   75    f=  1.05935D+04    |proj g|=  3.77001D+02

At iterate   76    f=  1.05926D+04    |proj g|=  1.42999D+02

At iterate   77    f=  1.05924D+04    |proj g|=  3.80245D+01

At iterate   78    f=  1.05923D+04    |proj g|=  5.28344D+01

At iterate   79    f=  1.05922D+04    |proj g|=  6.57557D+01

At iterate   80    f=  1.05918D+04    |proj g|=  5.48987D+01

At iterate   81    f=  1.05915D+04    |proj g|=  1.03968D+02

At iterate   82    f=  1.05912D+04    |proj g|=  2.02771D+02

At iterate   83    f=  1.05909D+04    |proj g|=  5.80440D+01

At iterate   84    f=  1.05907D+04    |proj g|=  4.01587D+01

At iterate   85    f=  1.05907D+04    |proj g|=  3.54834D+01

At iterate   86    f=  1.05906D+04    |proj g|=  1.25277D+02

At iterate   87    f=  1.05905D+04    |proj g|=  1.06249D+02

At iterate   88    f=  1.05902D+04    |proj g|=  7.37173D+01

At iterate   89    f=  1.05899D+04    |proj g|=  6.10553D+01

At iterate   90    f=  1.05897D+04    |proj g|=  6.67034D+01

At iterate   91    f=  1.05897D+04    |proj g|=  1.34329D+02

At iterate   92    f=  1.05896D+04    |proj g|=  5.07276D+01

At iterate   93    f=  1.05895D+04    |proj g|=  2.34138D+01

At iterate   94    f=  1.05895D+04    |proj g|=  2.93096D+01

At iterate   95    f=  1.05895D+04    |proj g|=  5.07294D+01

At iterate   96    f=  1.05894D+04    |proj g|=  7.49964D+01

At iterate   97    f=  1.05894D+04    |proj g|=  1.36167D+02

At iterate   98    f=  1.05893D+04    |proj g|=  8.46165D+01

At iterate   99    f=  1.05892D+04    |proj g|=  3.27636D+01

At iterate  100    f=  1.05892D+04    |proj g|=  1.02264D+01

At iterate  101    f=  1.05892D+04    |proj g|=  2.15870D+01

At iterate  102    f=  1.05892D+04    |proj g|=  2.88182D+01

At iterate  103    f=  1.05891D+04    |proj g|=  1.72726D+01

At iterate  104    f=  1.05891D+04    |proj g|=  1.84869D+01

At iterate  105    f=  1.05890D+04    |proj g|=  3.32499D+01

At iterate  106    f=  1.05889D+04    |proj g|=  6.22125D+01

At iterate  107    f=  1.05886D+04    |proj g|=  1.51977D+02

At iterate  108    f=  1.05885D+04    |proj g|=  1.21974D+02

At iterate  109    f=  1.05884D+04    |proj g|=  5.03671D+01

At iterate  110    f=  1.05884D+04    |proj g|=  5.12518D+01

At iterate  111    f=  1.05883D+04    |proj g|=  8.23975D+01

At iterate  112    f=  1.05883D+04    |proj g|=  9.14324D+01

At iterate  113    f=  1.05882D+04    |proj g|=  2.08674D+01

At iterate  114    f=  1.05882D+04    |proj g|=  2.18883D+01

At iterate  115    f=  1.05882D+04    |proj g|=  2.97310D+01

At iterate  116    f=  1.05882D+04    |proj g|=  1.06893D+01

At iterate  117    f=  1.05882D+04    |proj g|=  1.04435D+01

At iterate  118    f=  1.05881D+04    |proj g|=  3.64318D+01

- sample size and number of scenarios:  998 6
* estimation completed...
* computed standard errors ...
loglike =  -10587.879753853627
aic =  21215.759507707255
Arm =  Break-even
                   point        se   free
female         -0.030320  0.035140   True
college        -0.492014  0.032560   True
married         0.181609  0.024944   True
healthproblems  0.168477  0.019461   True
finlit         -0.102209  0.018256   True
retlit          0.164670  0.025720   True
pref_bequest    0.332101  0.041119   True
pref_patient   -0.198863  0.036250   True
log_earn       -0.000275  0.018530   True
log_wealth      0.008726  0.003088   True
lambda_G       -0.047524  0.029611   True
lambda_R        1.471979  0.039285   True
lambda_D        0.887473  0.024887   True
lambda_Fm      -0.660790  0.011371   True
lambda_Fp       0.092995  0.188580   True
alpha_0        -4.105200  0.030352   True
alpha_1        -1.954817  0.041278   True
alpha_2         2.747524  0.196614   True
log_odd_pi_0    0.000000       NaN  False
log_odd_pi_1    0.403174  0.122546   True
log_odd_pi_2   -1.402437  0.128046   True
