* descriptive statistics:                      count       mean  ...        75%        max
claim_1            3047.0  65.179193  ...  67.000000  70.000000
claim_2            3047.0  64.335740  ...  66.000000  70.000000
claim_3            3047.0  65.146373  ...  67.000000  70.000000
claim_4            3047.0  65.624877  ...  68.000000  70.000000
claim_5            3047.0  65.916968  ...  68.000000  70.000000
claim_6            3047.0  66.168034  ...  68.000000  70.000000
miss_retage        3047.0   0.444700  ...   1.000000   1.000000
retage             3047.0  61.192320  ...  65.000000  99.000000
female             3047.0   0.452904  ...   1.000000   1.000000
dbage              3047.0  77.180505  ...  85.000000  85.000000
college            3047.0   0.676731  ...   1.000000   1.000000
pref_bequest       3047.0   0.275353  ...   1.000000   1.000000
pref_raversion     3047.0   0.238595  ...   0.000000   1.000000
pref_livewell      3047.0   0.531342  ...   1.000000   1.000000
pref_spendquickly  3047.0   0.226780  ...   0.000000   1.000000
pref_patient       3047.0   0.831638  ...   1.000000   1.000000
log_wealth         3047.0   9.323858  ...  12.676079  15.430931
log_earn           3047.0  10.790405  ...  11.289782  14.845130
treat              3047.0   0.997374  ...   2.000000   2.000000
gaindelay_60_1     3047.0   4.745678  ...   6.203784   7.778640
gaindelay_61_1     3047.0   3.533431  ...   5.005051   6.635396
gaindelay_62_1     3047.0   2.510070  ...   3.997227   5.693448
gaindelay_63_1     3047.0   1.624530  ...   3.132222   4.901460
gaindelay_64_1     3047.0   0.841152  ...   2.366814   4.223988
gaindelay_65_1     3047.0   1.254970  ...   2.808146   4.795849
gaindelay_66_1     3047.0   0.446491  ...   2.015823   4.116042
gaindelay_67_1     3047.0  -0.289346  ...   1.369568   3.524784
gaindelay_68_1     3047.0  -0.972382  ...   0.758259   3.003606
gaindelay_69_1     3047.0  -1.618294  ...   0.242756   2.538628
gaindelay_70_1     3047.0   0.000000  ...   0.000000   0.000000
gaindelay_60_2     3047.0  -3.519193  ...  -2.176137  -0.725544
gaindelay_61_2     3047.0  -3.706588  ...  -2.337877  -0.821541
gaindelay_62_2     3047.0  -3.900783  ...  -2.506631  -0.916490
gaindelay_63_2     3047.0  -4.102938  ...  -2.680218  -1.010692
gaindelay_64_2     3047.0  -4.314326  ...  -2.866663  -1.104437
gaindelay_65_2     3047.0  -3.415462  ...  -1.933927  -0.037908
gaindelay_66_2     3047.0  -3.712053  ...  -2.207693  -0.194424
gaindelay_67_2     3047.0  -4.017861  ...  -2.420980  -0.346355
gaindelay_68_2     3047.0  -4.335470  ...  -2.663603  -0.494511
gaindelay_69_2     3047.0  -4.667717  ...  -2.864352  -0.639642
gaindelay_70_2     3047.0   0.000000  ...   0.000000   0.000000
gaindelay_60_3     3047.0   0.769606  ...   2.172363   3.687438
gaindelay_61_3     3047.0   0.198635  ...   1.622855   3.200686
gaindelay_62_3     3047.0  -0.327720  ...   1.118269   2.767532
gaindelay_63_3     3047.0  -0.819871  ...   0.651556   2.378238
gaindelay_64_3     3047.0  -1.286298  ...   0.207177   2.025170
gaindelay_65_3     3047.0  -0.613202  ...   0.911317   2.862346
gaindelay_66_3     3047.0  -1.170025  ...   0.374050   2.440470
gaindelay_67_3     3047.0  -1.701421  ...  -0.066001   2.058693
gaindelay_68_3     3047.0  -2.216047  ...  -0.507141   1.710008
gaindelay_69_3     3047.0  -2.721524  ...  -0.881344   1.388782
gaindelay_70_3     3047.0   0.000000  ...   0.000000   0.000000
gaindelay_60_4     3047.0   7.239150  ...   8.731966  10.344311
gaindelay_61_4     3047.0   5.498580  ...   6.998133   8.659423
gaindelay_62_4     3047.0   4.098330  ...   5.608529   7.331030
gaindelay_63_4     3047.0   2.934449  ...   4.461575   6.253619
gaindelay_64_4     3047.0   1.939640  ...   3.481921   5.359326
gaindelay_65_4     3047.0   2.189057  ...   3.756561   5.762600
gaindelay_66_4     3047.0   1.232585  ...   2.814198   4.930854
gaindelay_67_4     3047.0   0.381034  ...   2.051100   4.220807
gaindelay_68_4     3047.0  -0.394204  ...   1.346542   3.604999
gaindelay_69_4     3047.0  -1.114785  ...   0.755790   3.063412
gaindelay_70_4     3047.0   0.000000  ...   0.000000   0.000000
gaindelay_60_5     3047.0  18.119746  ...  19.764025  21.539960
gaindelay_61_5     3047.0  13.102849  ...  14.710489  16.491524
gaindelay_62_5     3047.0   9.724213  ...  11.316029  13.131621
gaindelay_63_5     3047.0   7.269335  ...   8.860772  10.728284
gaindelay_64_5     3047.0   5.383547  ...   6.977932   8.918763
gaindelay_65_5     3047.0   4.991316  ...   6.601805   8.662854
gaindelay_66_5     3047.0   3.506944  ...   5.124090   7.288300
gaindelay_67_5     3047.0   2.263254  ...   3.964635   6.175025
gaindelay_68_5     3047.0   1.188623  ...   2.957031   5.251376
gaindelay_69_5     3047.0   0.234190  ...   2.130283   4.469384
gaindelay_70_5     3047.0   0.000000  ...   0.000000   0.000000
gaindelay_60_6     3047.0  40.256134  ...  42.208561  44.317317
gaindelay_61_6     3047.0  24.931713  ...  26.707487  28.674792
gaindelay_62_6     3047.0  17.114311  ...  18.813338  20.751212
gaindelay_63_6     3047.0  12.330737  ...  13.997265  15.952894
gaindelay_64_6     3047.0   9.068287  ...  10.718420  12.727111
gaindelay_65_6     3047.0   7.793575  ...   9.447049  11.563108
gaindelay_66_6     3047.0   5.663051  ...   7.313883   9.523175
gaindelay_67_6     3047.0   3.972793  ...   5.702616   7.949958
gaindelay_68_6     3047.0   2.576574  ...   4.369238   6.695053
gaindelay_69_6     3047.0   1.382822  ...   3.300643   5.666549
gaindelay_70_6     3047.0   0.000000  ...   0.000000   0.000000
nra_1              3047.0  65.000000  ...  65.000000  65.000000
nra_2              3047.0  65.000000  ...  65.000000  65.000000
nra_3              3047.0  65.000000  ...  65.000000  65.000000
nra_4              3047.0  65.000000  ...  65.000000  65.000000
nra_5              3047.0  65.000000  ...  65.000000  65.000000
nra_6              3047.0  65.000000  ...  65.000000  65.000000
age                3047.0  57.078110  ...  58.000000  59.000000
married            3047.0   0.682967  ...   1.000000   1.000000
healthproblems     3047.0   0.598950  ...   1.000000   7.000000
finlit             3047.0   2.402691  ...   3.000000   3.000000
retlit             3047.0   3.656055  ...   5.000000   6.000000

[96 rows x 8 columns]
- sample size and number of scenarios:  3047 6
* estimation completed...
* computed standard errors ...
loglike =  -36571.12748121294
aic =  73178.25496242588
                   point        se   free
female         -0.204096  0.026090   True
college        -0.170724  0.023901   True
married         0.010765  0.018689   True
healthproblems  0.014976  0.013834   True
finlit         -0.080778  0.013523   True
retlit          0.117078  0.019017   True
pref_bequest   -0.123644  0.027646   True
pref_patient   -0.041044  0.024722   True
log_earn       -0.297014  0.013021   True
log_wealth      0.014898  0.002258   True
lambda_G       -0.071891  0.022672   True
lambda_R        2.952880  0.029025   True
lambda_D        1.560023  0.128124   True
lambda_Fm       0.000000       NaN  False
lambda_Fp       0.000000       NaN  False
alpha_0        -3.031333  0.018753   True
alpha_1        -1.298357  0.023464   True
alpha_2         1.079575  0.136939   True
log_odd_pi_0    0.000000       NaN  False
log_odd_pi_1    0.477940  0.052333   True
log_odd_pi_2   -0.365717  0.055876   True
