RUNNING THE L-BFGS-B CODE

           * * *

Machine precision = 2.220D-16
 N =           18     M =           10

At X0         0 variables are exactly at the bounds

At iterate    0    f=  4.46085D+04    |proj g|=  6.65594D+04

At iterate    1    f=  4.16755D+04    |proj g|=  6.18849D+03

At iterate    2    f=  4.16236D+04    |proj g|=  3.11558D+03

At iterate    3    f=  4.15817D+04    |proj g|=  4.71491D+03

At iterate    4    f=  4.15365D+04    |proj g|=  5.63576D+03

At iterate    5    f=  4.11007D+04    |proj g|=  1.15200D+04

At iterate    6    f=  4.06997D+04    |proj g|=  1.14838D+04

At iterate    7    f=  3.95275D+04    |proj g|=  1.70546D+04

At iterate    8    f=  3.85423D+04    |proj g|=  1.56536D+04

At iterate    9    f=  3.76492D+04    |proj g|=  6.21872D+03

At iterate   10    f=  3.74762D+04    |proj g|=  2.42221D+03

At iterate   11    f=  3.74396D+04    |proj g|=  1.67340D+03

At iterate   12    f=  3.73923D+04    |proj g|=  3.34202D+03

At iterate   13    f=  3.72939D+04    |proj g|=  6.30603D+03

At iterate   14    f=  3.71417D+04    |proj g|=  7.98471D+03

At iterate   15    f=  3.69483D+04    |proj g|=  4.65589D+03

At iterate   16    f=  3.67935D+04    |proj g|=  3.80893D+03

At iterate   17    f=  3.66630D+04    |proj g|=  1.72728D+03

At iterate   18    f=  3.66465D+04    |proj g|=  6.84640D+02

At iterate   19    f=  3.66279D+04    |proj g|=  8.09238D+02

At iterate   20    f=  3.65646D+04    |proj g|=  2.58810D+03

At iterate   21    f=  3.65342D+04    |proj g|=  7.66064D+02

At iterate   22    f=  3.65323D+04    |proj g|=  1.93897D+02

At iterate   23    f=  3.65301D+04    |proj g|=  3.00931D+02

At iterate   24    f=  3.65276D+04    |proj g|=  4.60501D+02

At iterate   25    f=  3.65238D+04    |proj g|=  3.21730D+02

At iterate   26    f=  3.65170D+04    |proj g|=  9.13605D+02

At iterate   27    f=  3.65092D+04    |proj g|=  4.93238D+02

At iterate   28    f=  3.65046D+04    |proj g|=  5.05189D+02

At iterate   29    f=  3.65041D+04    |proj g|=  9.15110D+02

At iterate   30    f=  3.65010D+04    |proj g|=  6.44577D+02

At iterate   31    f=  3.64996D+04    |proj g|=  1.00890D+02

At iterate   32    f=  3.64987D+04    |proj g|=  4.90963D+02

At iterate   33    f=  3.64976D+04    |proj g|=  7.31616D+02

At iterate   34    f=  3.64965D+04    |proj g|=  5.12406D+02

At iterate   35    f=  3.64955D+04    |proj g|=  1.43016D+02

At iterate   36    f=  3.64946D+04    |proj g|=  3.28733D+02

At iterate   37    f=  3.64922D+04    |proj g|=  8.14215D+02

At iterate   38    f=  3.64899D+04    |proj g|=  1.10034D+03

At iterate   39    f=  3.64883D+04    |proj g|=  4.52678D+02

At iterate   40    f=  3.64871D+04    |proj g|=  2.32191D+02

At iterate   41    f=  3.64857D+04    |proj g|=  1.42323D+02

At iterate   42    f=  3.64849D+04    |proj g|=  1.87380D+02

At iterate   43    f=  3.64841D+04    |proj g|=  1.17210D+02

At iterate   44    f=  3.64836D+04    |proj g|=  2.52825D+02

At iterate   45    f=  3.64827D+04    |proj g|=  1.70587D+02

At iterate   46    f=  3.64805D+04    |proj g|=  2.54533D+02

At iterate   47    f=  3.64797D+04    |proj g|=  6.00866D+02

At iterate   48    f=  3.64783D+04    |proj g|=  2.53590D+02

At iterate   49    f=  3.64777D+04    |proj g|=  6.21985D+01

At iterate   50    f=  3.64775D+04    |proj g|=  2.95637D+02

At iterate   51    f=  3.64772D+04    |proj g|=  1.22539D+02

At iterate   52    f=  3.64771D+04    |proj g|=  8.48930D+01

At iterate   53    f=  3.64769D+04    |proj g|=  1.44410D+02

At iterate   54    f=  3.64765D+04    |proj g|=  1.81945D+02

At iterate   55    f=  3.64757D+04    |proj g|=  3.35564D+02

At iterate   56    f=  3.64749D+04    |proj g|=  1.49433D+02

At iterate   57    f=  3.64744D+04    |proj g|=  2.13679D+02

At iterate   58    f=  3.64742D+04    |proj g|=  2.78596D+02

At iterate   59    f=  3.64739D+04    |proj g|=  6.92278D+01

At iterate   60    f=  3.64737D+04    |proj g|=  1.43168D+02

At iterate   61    f=  3.64733D+04    |proj g|=  1.48570D+02

At iterate   62    f=  3.64733D+04    |proj g|=  3.26213D+02

At iterate   63    f=  3.64730D+04    |proj g|=  2.14257D+02

At iterate   64    f=  3.64725D+04    |proj g|=  1.10638D+02

At iterate   65    f=  3.64720D+04    |proj g|=  2.61261D+02

At iterate   66    f=  3.64717D+04    |proj g|=  3.05878D+02

At iterate   67    f=  3.64710D+04    |proj g|=  1.47241D+02

At iterate   68    f=  3.64709D+04    |proj g|=  3.22340D+02

At iterate   69    f=  3.64701D+04    |proj g|=  8.22525D+01

At iterate   70    f=  3.64697D+04    |proj g|=  2.16468D+02

At iterate   71    f=  3.64690D+04    |proj g|=  4.73151D+02

At iterate   72    f=  3.64684D+04    |proj g|=  2.05612D+02

At iterate   73    f=  3.64680D+04    |proj g|=  1.34570D+02

At iterate   74    f=  3.64678D+04    |proj g|=  1.79432D+02

At iterate   75    f=  3.64677D+04    |proj g|=  6.34805D+01

At iterate   76    f=  3.64676D+04    |proj g|=  2.01343D+02

At iterate   77    f=  3.64675D+04    |proj g|=  2.40413D+02

At iterate   78    f=  3.64672D+04    |proj g|=  1.91484D+02

At iterate   79    f=  3.64669D+04    |proj g|=  6.42169D+01

At iterate   80    f=  3.64666D+04    |proj g|=  9.56446D+01

At iterate   81    f=  3.64662D+04    |proj g|=  2.55971D+02

At iterate   82    f=  3.64659D+04    |proj g|=  2.98535D+02

At iterate   83    f=  3.64654D+04    |proj g|=  1.88550D+02

At iterate   84    f=  3.64653D+04    |proj g|=  2.89483D+02

At iterate   85    f=  3.64651D+04    |proj g|=  7.75071D+01

At iterate   86    f=  3.64649D+04    |proj g|=  1.70113D+02

At iterate   87    f=  3.64648D+04    |proj g|=  2.34351D+02

At iterate   88    f=  3.64646D+04    |proj g|=  6.34630D+02

At iterate   89    f=  3.64641D+04    |proj g|=  5.27467D+02

At iterate   90    f=  3.64631D+04    |proj g|=  2.03647D+02

At iterate   91    f=  3.64622D+04    |proj g|=  2.31543D+02

At iterate   92    f=  3.64616D+04    |proj g|=  3.47434D+02

At iterate   93    f=  3.64608D+04    |proj g|=  4.68844D+02

At iterate   94    f=  3.64593D+04    |proj g|=  5.59066D+02

At iterate   95    f=  3.64578D+04    |proj g|=  4.18547D+02

At iterate   96    f=  3.64571D+04    |proj g|=  4.64578D+02

At iterate   97    f=  3.64561D+04    |proj g|=  1.13142D+02

At iterate   98    f=  3.64556D+04    |proj g|=  1.44945D+02

At iterate   99    f=  3.64547D+04    |proj g|=  4.52859D+02

At iterate  100    f=  3.64534D+04    |proj g|=  4.22559D+02

At iterate  101    f=  3.64520D+04    |proj g|=  1.95294D+03

At iterate  102    f=  3.64491D+04    |proj g|=  1.01939D+03

At iterate  103    f=  3.64456D+04    |proj g|=  5.45951D+02

At iterate  104    f=  3.64447D+04    |proj g|=  5.49901D+02

At iterate  105    f=  3.64418D+04    |proj g|=  4.13545D+02

At iterate  106    f=  3.64382D+04    |proj g|=  5.68862D+02

At iterate  107    f=  3.64311D+04    |proj g|=  6.89145D+02

At iterate  108    f=  3.64289D+04    |proj g|=  1.19553D+03

At iterate  109    f=  3.64235D+04    |proj g|=  7.60140D+02

At iterate  110    f=  3.64119D+04    |proj g|=  2.85872D+02

At iterate  111    f=  3.64093D+04    |proj g|=  6.40805D+02

At iterate  112    f=  3.64066D+04    |proj g|=  7.45912D+02

At iterate  113    f=  3.64031D+04    |proj g|=  1.14936D+03

At iterate  114    f=  3.63999D+04    |proj g|=  4.56595D+02

At iterate  115    f=  3.63988D+04    |proj g|=  2.26628D+02

At iterate  116    f=  3.63972D+04    |proj g|=  1.85506D+02

At iterate  117    f=  3.63957D+04    |proj g|=  3.12510D+02

At iterate  118    f=  3.63909D+04    |proj g|=  5.18515D+02

At iterate  119    f=  3.63879D+04    |proj g|=  6.36109D+02

At iterate  120    f=  3.63821D+04    |proj g|=  7.73167D+02

At iterate  121    f=  3.63802D+04    |proj g|=  1.51941D+03

At iterate  122    f=  3.63732D+04    |proj g|=  6.14122D+02

At iterate  123    f=  3.63708D+04    |proj g|=  4.65535D+02

At iterate  124    f=  3.63699D+04    |proj g|=  4.95018D+02

At iterate  125    f=  3.63671D+04    |proj g|=  3.25676D+02

At iterate  126    f=  3.63654D+04    |proj g|=  4.29333D+02

At iterate  127    f=  3.63636D+04    |proj g|=  2.28750D+02

At iterate  128    f=  3.63604D+04    |proj g|=  5.67633D+02

* descriptive statistics:                         count       mean  ...        75%        max
claim_1               3055.0  65.179705  ...  67.000000  70.000000
claim_2               3055.0  64.338462  ...  66.000000  70.000000
claim_3               3055.0  65.147627  ...  67.000000  70.000000
claim_4               3055.0  65.627823  ...  68.000000  70.000000
claim_5               3055.0  65.919149  ...  68.000000  70.000000
claim_6               3055.0  66.168249  ...  68.000000  70.000000
miss_retage           3055.0   0.444517  ...   1.000000   1.000000
retage                3055.0  61.201309  ...  65.000000  99.000000
female                3055.0   0.452700  ...   1.000000   1.000000
dbage                 3055.0  77.191817  ...  85.000000  85.000000
college               3055.0   0.676596  ...   1.000000   1.000000
pref_bequest          3055.0   0.275286  ...   1.000000   1.000000
pref_raversion        3055.0   0.237971  ...   0.000000   1.000000
pref_livewell         3055.0   0.531260  ...   1.000000   1.000000
pref_spendquickly     3055.0   0.226514  ...   0.000000   1.000000
pref_patient          3055.0   0.831424  ...   1.000000   1.000000
log_wealth            3055.0   9.314834  ...  12.676079  15.430931
log_earn              3055.0  10.790123  ...  11.289782  14.845130
treat                 3055.0   0.996399  ...   2.000000   2.000000
gaindelay_60_1compas  3055.0   3.565567  ...   4.710565   5.563848
gaindelay_61_1compas  3055.0   2.247190  ...   3.390553   4.302542
gaindelay_62_1compas  3055.0   1.103432  ...   2.246692   3.227573
gaindelay_63_1compas  3055.0   0.081665  ...   1.229179   2.286713
gaindelay_64_1compas  3055.0  -0.855678  ...   0.299143   1.443189
gaindelay_65_1compas  3055.0  -0.636778  ...   0.542891   1.796898
gaindelay_66_1compas  3055.0  -1.640974  ...  -0.448001   0.913618
gaindelay_67_1compas  3055.0  -2.598583  ...  -1.387429   0.094748
gaindelay_68_1compas  3055.0  -3.532985  ...  -2.303505  -0.681100
gaindelay_69_1compas  3055.0  -4.463957  ...  -3.210914  -1.431310
gaindelay_70_1compas  3055.0   0.000000  ...   0.000000   0.000000
gaindelay_60_2compas  3055.0  -4.606189  ...  -3.551536  -2.765580
gaindelay_61_2compas  3055.0  -4.902882  ...  -3.839474  -2.991260
gaindelay_62_2compas  3055.0  -5.219452  ...  -4.147691  -3.228152
gaindelay_63_2compas  3055.0  -5.558848  ...  -4.476007  -3.478075
gaindelay_64_2compas  3055.0  -5.924406  ...  -4.828625  -3.743068
gaindelay_65_2compas  3055.0  -5.219952  ...  -4.094696  -2.898530
gaindelay_66_2compas  3055.0  -5.713096  ...  -4.569513  -3.264266
gaindelay_67_2compas  3055.0  -6.240749  ...  -5.074883  -3.648130
gaindelay_68_2compas  3055.0  -6.809112  ...  -5.621387  -4.054080
gaindelay_69_2compas  3055.0  -7.425176  ...  -6.210973  -4.486529
gaindelay_70_2compas  3055.0   0.000000  ...   0.000000   0.000000
gaindelay_60_3compas  3055.0  -0.365710  ...   0.735825   1.556718
gaindelay_61_3compas  3055.0  -1.046176  ...   0.060359   0.942973
gaindelay_62_3compas  3055.0  -1.695418  ...  -0.583807   0.369921
gaindelay_63_3compas  3055.0  -2.325625  ...  -1.205712  -0.173616
gaindelay_64_3compas  3055.0  -2.947330  ...  -1.816873  -0.696962
gaindelay_65_3compas  3055.0  -2.470048  ...  -1.312143  -0.081273
gaindelay_66_3compas  3055.0  -3.223897  ...  -2.050123  -0.710416
gaindelay_67_3compas  3055.0  -3.977956  ...  -2.783954  -1.322768
gaindelay_68_3compas  3055.0  -4.744492  ...  -3.530453  -1.928423
gaindelay_69_3compas  3055.0  -5.535277  ...  -4.296286  -2.536638
gaindelay_70_3compas  3055.0   0.000000  ...   0.000000   0.000000
gaindelay_60_4compas  3055.0   6.030945  ...   7.203200   8.076796
gaindelay_61_4compas  3055.0   4.187926  ...   5.352990   6.282289
gaindelay_62_4compas  3055.0   2.669898  ...   3.830871   4.826950
gaindelay_63_4compas  3055.0   1.371697  ...   2.534002   3.605168
gaindelay_64_4compas  3055.0   0.224326  ...   1.391726   2.548235
gaindelay_65_4compas  3055.0   0.279857  ...   1.470409   2.735984
gaindelay_66_4compas  3055.0  -0.871217  ...   0.331093   1.703368
gaindelay_67_4compas  3055.0  -1.943729  ...  -0.724432   0.767709
gaindelay_68_4compas  3055.0  -2.969757  ...  -1.733099  -0.101221
gaindelay_69_4compas  3055.0  -3.975011  ...  -2.715556  -0.926844
gaindelay_70_4compas  3055.0   0.000000  ...   0.000000   0.000000
gaindelay_60_5compas  3055.0  16.788956  ...  18.080149  19.042381
gaindelay_61_5compas  3055.0  11.697724  ...  12.946765  13.943048
gaindelay_62_5compas  3055.0   8.218583  ...   9.442299  10.492211
gaindelay_63_5compas  3055.0   5.640770  ...   6.852024   7.968299
gaindelay_64_5compas  3055.0   3.610283  ...   4.817123   6.012703
gaindelay_65_5compas  3055.0   3.029761  ...   4.252961   5.553241
gaindelay_66_5compas  3055.0   1.355876  ...   2.585197   3.988303
gaindelay_67_5compas  3055.0  -0.105101  ...   1.137060   2.657180
gaindelay_68_5compas  3055.0  -1.427858  ...  -0.171548   1.486261
gaindelay_69_5compas  3055.0  -2.665056  ...  -1.388419   0.424694
gaindelay_70_5compas  3055.0   0.000000  ...   0.000000   0.000000
gaindelay_60_6compas  3055.0  38.675945  ...  40.209116  41.351676
gaindelay_61_6compas  3055.0  23.379632  ...  24.759304  25.859783
gaindelay_62_6compas  3055.0  15.507273  ...  16.813409  17.934034
gaindelay_63_6compas  3055.0  10.625330  ...  11.893736  13.062681
gaindelay_64_6compas  3055.0   7.233020  ...   8.482057   9.719441
gaindelay_65_6compas  3055.0   5.779666  ...   7.035514   8.370499
gaindelay_66_6compas  3055.0   3.467175  ...   4.722104   6.154437
gaindelay_67_6compas  3055.0   1.564846  ...   2.827772   4.373304
gaindelay_68_6compas  3055.0  -0.075797  ...   1.197745   2.878295
gaindelay_69_6compas  3055.0  -1.549648  ...  -0.258381   1.575509
gaindelay_70_6compas  3055.0   0.000000  ...   0.000000   0.000000
nra_1                 3055.0  65.000000  ...  65.000000  65.000000
nra_2                 3055.0  65.000000  ...  65.000000  65.000000
nra_3                 3055.0  65.000000  ...  65.000000  65.000000
nra_4                 3055.0  65.000000  ...  65.000000  65.000000
nra_5                 3055.0  65.000000  ...  65.000000  65.000000
nra_6                 3055.0  65.000000  ...  65.000000  65.000000
age                   3055.0  57.076923  ...  58.000000  59.000000
married               3055.0   0.682160  ...   1.000000   1.000000
healthproblems        3055.0   0.599018  ...   1.000000   7.000000
finlit                3055.0   2.401309  ...   3.000000   3.000000
retlit                3055.0   3.654992  ...   5.000000   6.000000

[96 rows x 8 columns]
- sample size and number of scenarios:  3055 6
* estimation completed...
* computed standard errors ...
loglike =  -36333.795548232
aic =  72703.591096464
                   point        se   free
female          0.005339  0.025959   True
college        -0.183026  0.023461   True
married        -0.022841  0.018709   True
healthproblems -0.005613  0.013595   True
finlit         -0.024023  0.013300   True
retlit          0.095378  0.018361   True
pref_bequest   -0.071455  0.027067   True
pref_patient   -0.006090  0.024712   True
log_earn        0.015782  0.013111   True
log_wealth      0.003165  0.002222   True
lambda_G       -0.080974  0.022477   True
lambda_R        2.983305  0.029400   True
lambda_D        1.698357  0.135842   True
lambda_Fm       0.000000       NaN  False
lambda_Fp       0.000000       NaN  False
alpha_0        -6.796851  0.019810   True
alpha_1        -4.844359  0.023084   True
alpha_2        -2.396739  0.138480   True
log_odd_pi_0    0.000000       NaN  False
log_odd_pi_1    0.495172  0.052876   True
log_odd_pi_2   -0.369688  0.056049   True
