RUNNING THE L-BFGS-B CODE

           * * *

Machine precision = 2.220D-16
 N =           11     M =           10

At X0         0 variables are exactly at the bounds

At iterate    0    f=  4.44926D+04    |proj g|=  6.98094D+04

At iterate    1    f=  4.23406D+04    |proj g|=  2.26582D+03

At iterate    2    f=  4.23200D+04    |proj g|=  1.93292D+03

At iterate    3    f=  4.21598D+04    |proj g|=  8.15979D+03

At iterate    4    f=  4.19907D+04    |proj g|=  1.32160D+04

At iterate    5    f=  4.12999D+04    |proj g|=  2.42815D+04

At iterate    6    f=  4.06646D+04    |proj g|=  2.01139D+04

At iterate    7    f=  4.00255D+04    |proj g|=  1.07473D+04

At iterate    8    f=  3.88283D+04    |proj g|=  5.54024D+03

At iterate    9    f=  3.83294D+04    |proj g|=  1.24248D+04

At iterate   10    f=  3.80643D+04    |proj g|=  1.36307D+04

At iterate   11    f=  3.76159D+04    |proj g|=  8.00809D+03

At iterate   12    f=  3.74387D+04    |proj g|=  1.43768D+03

At iterate   13    f=  3.74294D+04    |proj g|=  1.61923D+03

At iterate   14    f=  3.73826D+04    |proj g|=  8.30091D+02

At iterate   15    f=  3.73619D+04    |proj g|=  3.99542D+02

At iterate   16    f=  3.73440D+04    |proj g|=  4.61811D+02

At iterate   17    f=  3.73217D+04    |proj g|=  3.68343D+02

At iterate   18    f=  3.72425D+04    |proj g|=  3.92208D+02

At iterate   19    f=  3.71241D+04    |proj g|=  6.24538D+02

At iterate   20    f=  3.70082D+04    |proj g|=  1.25937D+03

At iterate   21    f=  3.69807D+04    |proj g|=  6.21560D+02

At iterate   22    f=  3.69686D+04    |proj g|=  1.91050D+02

At iterate   23    f=  3.69601D+04    |proj g|=  2.97228D+02

At iterate   24    f=  3.69586D+04    |proj g|=  8.25147D+02

At iterate   25    f=  3.69488D+04    |proj g|=  6.00063D+02

At iterate   26    f=  3.69215D+04    |proj g|=  2.89217D+02

At iterate   27    f=  3.68872D+04    |proj g|=  4.98898D+02

At iterate   28    f=  3.68634D+04    |proj g|=  4.04812D+02

At iterate   29    f=  3.68413D+04    |proj g|=  2.32602D+02

At iterate   30    f=  3.68197D+04    |proj g|=  1.48029D+02

At iterate   31    f=  3.67964D+04    |proj g|=  3.28083D+02

At iterate   32    f=  3.67741D+04    |proj g|=  1.07016D+02

At iterate   33    f=  3.67622D+04    |proj g|=  1.44070D+03

At iterate   34    f=  3.67482D+04    |proj g|=  3.11083D+02

At iterate   35    f=  3.67281D+04    |proj g|=  8.95229D+02

At iterate   36    f=  3.66903D+04    |proj g|=  2.40722D+03

At iterate   37    f=  3.66304D+04    |proj g|=  2.52253D+03

At iterate   38    f=  3.66142D+04    |proj g|=  3.94656D+03

At iterate   39    f=  3.65697D+04    |proj g|=  7.01590D+02

At iterate   40    f=  3.65594D+04    |proj g|=  5.79465D+02

At iterate   41    f=  3.65573D+04    |proj g|=  5.05395D+02

At iterate   42    f=  3.65425D+04    |proj g|=  2.11760D+02

At iterate   43    f=  3.65360D+04    |proj g|=  3.77273D+02

At iterate   44    f=  3.65307D+04    |proj g|=  4.37249D+02

At iterate   45    f=  3.65255D+04    |proj g|=  7.46028D+02

At iterate   46    f=  3.65221D+04    |proj g|=  6.76813D+02

At iterate   47    f=  3.65160D+04    |proj g|=  8.80311D+01

At iterate   48    f=  3.65151D+04    |proj g|=  6.72720D+01

At iterate   49    f=  3.65149D+04    |proj g|=  3.00245D+02

At iterate   50    f=  3.65145D+04    |proj g|=  4.28830D+01

At iterate   51    f=  3.65143D+04    |proj g|=  4.16592D+01

At iterate   52    f=  3.65137D+04    |proj g|=  2.49780D+02

At iterate   53    f=  3.65134D+04    |proj g|=  5.11020D+01

At iterate   54    f=  3.65133D+04    |proj g|=  5.70806D+01

At iterate   55    f=  3.65128D+04    |proj g|=  1.03302D+02

At iterate   56    f=  3.65123D+04    |proj g|=  8.13408D+01

At iterate   57    f=  3.65121D+04    |proj g|=  1.37829D+02

At iterate   58    f=  3.65120D+04    |proj g|=  1.74361D+01

At iterate   59    f=  3.65118D+04    |proj g|=  1.31273D+01

At iterate   60    f=  3.65118D+04    |proj g|=  4.01684D+01

           * * *

Tit   = total number of iterations
Tnf   = total number of function evaluations
Tnint = total number of segments explored during Cauchy searches
* descriptive statistics:                      count       mean  ...        75%        max
claim_1            3047.0  65.179193  ...  67.000000  70.000000
claim_2            3047.0  64.335740  ...  66.000000  70.000000
claim_3            3047.0  65.146373  ...  67.000000  70.000000
claim_4            3047.0  65.624877  ...  68.000000  70.000000
claim_5            3047.0  65.916968  ...  68.000000  70.000000
claim_6            3047.0  66.168034  ...  68.000000  70.000000
miss_retage        3047.0   0.444700  ...   1.000000   1.000000
retage             3047.0  61.192320  ...  65.000000  99.000000
female             3047.0   0.452904  ...   1.000000   1.000000
dbage              3047.0  77.180505  ...  85.000000  85.000000
college            3047.0   0.676731  ...   1.000000   1.000000
pref_bequest       3047.0   0.275353  ...   1.000000   1.000000
pref_raversion     3047.0   0.238595  ...   0.000000   1.000000
pref_livewell      3047.0   0.531342  ...   1.000000   1.000000
pref_spendquickly  3047.0   0.226780  ...   0.000000   1.000000
pref_patient       3047.0   0.831638  ...   1.000000   1.000000
log_wealth         3047.0   9.323858  ...  12.676079  15.430931
log_earn           3047.0  10.790405  ...  11.289782  14.845130
treat              3047.0   0.997374  ...   2.000000   2.000000
gaindelay_60_1     3047.0   4.745678  ...   6.203784   7.778640
gaindelay_61_1     3047.0   3.533431  ...   5.005051   6.635396
gaindelay_62_1     3047.0   2.510070  ...   3.997227   5.693448
gaindelay_63_1     3047.0   1.624530  ...   3.132222   4.901460
gaindelay_64_1     3047.0   0.841152  ...   2.366814   4.223988
gaindelay_65_1     3047.0   1.254970  ...   2.808146   4.795849
gaindelay_66_1     3047.0   0.446491  ...   2.015823   4.116042
gaindelay_67_1     3047.0  -0.289346  ...   1.369568   3.524784
gaindelay_68_1     3047.0  -0.972382  ...   0.758259   3.003606
gaindelay_69_1     3047.0  -1.618294  ...   0.242756   2.538628
gaindelay_70_1     3047.0   0.000000  ...   0.000000   0.000000
gaindelay_60_2     3047.0  -3.519193  ...  -2.176137  -0.725544
gaindelay_61_2     3047.0  -3.706588  ...  -2.337877  -0.821541
gaindelay_62_2     3047.0  -3.900783  ...  -2.506631  -0.916490
gaindelay_63_2     3047.0  -4.102938  ...  -2.680218  -1.010692
gaindelay_64_2     3047.0  -4.314326  ...  -2.866663  -1.104437
gaindelay_65_2     3047.0  -3.415462  ...  -1.933927  -0.037908
gaindelay_66_2     3047.0  -3.712053  ...  -2.207693  -0.194424
gaindelay_67_2     3047.0  -4.017861  ...  -2.420980  -0.346355
gaindelay_68_2     3047.0  -4.335470  ...  -2.663603  -0.494511
gaindelay_69_2     3047.0  -4.667717  ...  -2.864352  -0.639642
gaindelay_70_2     3047.0   0.000000  ...   0.000000   0.000000
gaindelay_60_3     3047.0   0.769606  ...   2.172363   3.687438
gaindelay_61_3     3047.0   0.198635  ...   1.622855   3.200686
gaindelay_62_3     3047.0  -0.327720  ...   1.118269   2.767532
gaindelay_63_3     3047.0  -0.819871  ...   0.651556   2.378238
gaindelay_64_3     3047.0  -1.286298  ...   0.207177   2.025170
gaindelay_65_3     3047.0  -0.613202  ...   0.911317   2.862346
gaindelay_66_3     3047.0  -1.170025  ...   0.374050   2.440470
gaindelay_67_3     3047.0  -1.701421  ...  -0.066001   2.058693
gaindelay_68_3     3047.0  -2.216047  ...  -0.507141   1.710008
gaindelay_69_3     3047.0  -2.721524  ...  -0.881344   1.388782
gaindelay_70_3     3047.0   0.000000  ...   0.000000   0.000000
gaindelay_60_4     3047.0   7.239150  ...   8.731966  10.344311
gaindelay_61_4     3047.0   5.498580  ...   6.998133   8.659423
gaindelay_62_4     3047.0   4.098330  ...   5.608529   7.331030
gaindelay_63_4     3047.0   2.934449  ...   4.461575   6.253619
gaindelay_64_4     3047.0   1.939640  ...   3.481921   5.359326
gaindelay_65_4     3047.0   2.189057  ...   3.756561   5.762600
gaindelay_66_4     3047.0   1.232585  ...   2.814198   4.930854
gaindelay_67_4     3047.0   0.381034  ...   2.051100   4.220807
gaindelay_68_4     3047.0  -0.394204  ...   1.346542   3.604999
gaindelay_69_4     3047.0  -1.114785  ...   0.755790   3.063412
gaindelay_70_4     3047.0   0.000000  ...   0.000000   0.000000
gaindelay_60_5     3047.0  18.119746  ...  19.764025  21.539960
gaindelay_61_5     3047.0  13.102849  ...  14.710489  16.491524
gaindelay_62_5     3047.0   9.724213  ...  11.316029  13.131621
gaindelay_63_5     3047.0   7.269335  ...   8.860772  10.728284
gaindelay_64_5     3047.0   5.383547  ...   6.977932   8.918763
gaindelay_65_5     3047.0   4.991316  ...   6.601805   8.662854
gaindelay_66_5     3047.0   3.506944  ...   5.124090   7.288300
gaindelay_67_5     3047.0   2.263254  ...   3.964635   6.175025
gaindelay_68_5     3047.0   1.188623  ...   2.957031   5.251376
gaindelay_69_5     3047.0   0.234190  ...   2.130283   4.469384
gaindelay_70_5     3047.0   0.000000  ...   0.000000   0.000000
gaindelay_60_6     3047.0  40.256134  ...  42.208561  44.317317
gaindelay_61_6     3047.0  24.931713  ...  26.707487  28.674792
gaindelay_62_6     3047.0  17.114311  ...  18.813338  20.751212
gaindelay_63_6     3047.0  12.330737  ...  13.997265  15.952894
gaindelay_64_6     3047.0   9.068287  ...  10.718420  12.727111
gaindelay_65_6     3047.0   7.793575  ...   9.447049  11.563108
gaindelay_66_6     3047.0   5.663051  ...   7.313883   9.523175
gaindelay_67_6     3047.0   3.972793  ...   5.702616   7.949958
gaindelay_68_6     3047.0   2.576574  ...   4.369238   6.695053
gaindelay_69_6     3047.0   1.382822  ...   3.300643   5.666549
gaindelay_70_6     3047.0   0.000000  ...   0.000000   0.000000
nra_1              3047.0  65.000000  ...  65.000000  65.000000
nra_2              3047.0  65.000000  ...  65.000000  65.000000
nra_3              3047.0  65.000000  ...  65.000000  65.000000
nra_4              3047.0  65.000000  ...  65.000000  65.000000
nra_5              3047.0  65.000000  ...  65.000000  65.000000
nra_6              3047.0  65.000000  ...  65.000000  65.000000
age                3047.0  57.078110  ...  58.000000  59.000000
married            3047.0   0.682967  ...   1.000000   1.000000
healthproblems     3047.0   0.598950  ...   1.000000   7.000000
finlit             3047.0   2.402691  ...   3.000000   3.000000
retlit             3047.0   3.656055  ...   5.000000   6.000000

[96 rows x 8 columns]
- sample size and number of scenarios:  3047 6
* estimation completed...
* computed standard errors ...
loglike =  -36511.79904959979
aic =  73045.59809919957
                 point        se   free
female       -0.044539  0.023889   True
college      -0.166852  0.023877   True
married       0.032277  0.017040   True
lambda_G     -0.071286  0.022897   True
lambda_R      3.006392  0.029629   True
lambda_D      1.720997  0.047117   True
lambda_Fm     0.000000       NaN  False
lambda_Fp     0.000000       NaN  False
alpha_0      -6.229460  0.019825   True
alpha_1      -4.341917  0.023430   True
alpha_2      -1.909143  0.051354   True
log_odd_pi_0  0.000000       NaN  False
log_odd_pi_1  0.504363  0.052235   True
log_odd_pi_2 -0.338570  0.056037   True
